Load from 4-NO2-Ph-N2+-B3LYPG-6-31G_dp-MTMO-d009-169-n800.pickle  complete
800 174

Basis:  ['0C-1s', '0C-2s', '0C-1pz', '0C-1px', '0C-1py', '0C-3s', '0C-2pz', '0C-2px', '0C-2py', '0C-1dz2', '0C-1dxz', '0C-1dyz', '0C-1dx2y2', '0C-1dxy', '1C-1s', '1C-2s', '1C-1pz', '1C-1px', '1C-1py', '1C-3s', '1C-2pz', '1C-2px', '1C-2py', '1C-1dz2', '1C-1dxz', '1C-1dyz', '1C-1dx2y2', '1C-1dxy', '2C-1s', '2C-2s', '2C-1pz', '2C-1px', '2C-1py', '2C-3s', '2C-2pz', '2C-2px', '2C-2py', '2C-1dz2', '2C-1dxz', '2C-1dyz', '2C-1dx2y2', '2C-1dxy', '3C-1s', '3C-2s', '3C-1pz', '3C-1px', '3C-1py', '3C-3s', '3C-2pz', '3C-2px', '3C-2py', '3C-1dz2', '3C-1dxz', '3C-1dyz', '3C-1dx2y2', '3C-1dxy', '4C-1s', '4C-2s', '4C-1pz', '4C-1px', '4C-1py', '4C-3s', '4C-2pz', '4C-2px', '4C-2py', '4C-1dz2', '4C-1dxz', '4C-1dyz', '4C-1dx2y2', '4C-1dxy', '5C-1s', '5C-2s', '5C-1pz', '5C-1px', '5C-1py', '5C-3s', '5C-2pz', '5C-2px', '5C-2py', '5C-1dz2', '5C-1dxz', '5C-1dyz', '5C-1dx2y2', '5C-1dxy', '6H-1s', '6H-2s', '6H-1pz', '6H-1px', '6H-1py', '7H-1s', '7H-2s', '7H-1pz', '7H-1px', '7H-1py', '8H-1s', '8H-2s', '8H-1pz', '8H-1px', '8H-1py', '9H-1s', '9H-2s', '9H-1pz', '9H-1px', '9H-1py', '10N-1s', '10N-2s', '10N-1pz', '10N-1px', '10N-1py', '10N-3s', '10N-2pz', '10N-2px', '10N-2py', '10N-1dz2', '10N-1dxz', '10N-1dyz', '10N-1dx2y2', '10N-1dxy', '11O-1s', '11O-2s', '11O-1pz', '11O-1px', '11O-1py', '11O-3s', '11O-2pz', '11O-2px', '11O-2py', '11O-1dz2', '11O-1dxz', '11O-1dyz', '11O-1dx2y2', '11O-1dxy', '12O-1s', '12O-2s', '12O-1pz', '12O-1px', '12O-1py', '12O-3s', '12O-2pz', '12O-2px', '12O-2py', '12O-1dz2', '12O-1dxz', '12O-1dyz', '12O-1dx2y2', '12O-1dxy', '13N-1s', '13N-2s', '13N-1pz', '13N-1px', '13N-1py', '13N-3s', '13N-2pz', '13N-2px', '13N-2py', '13N-1dz2', '13N-1dxz', '13N-1dyz', '13N-1dx2y2', '13N-1dxy', '14N-1s', '14N-2s', '14N-1pz', '14N-1px', '14N-1py', '14N-3s', '14N-2pz', '14N-2px', '14N-2py', '14N-1dz2', '14N-1dxz', '14N-1dyz', '14N-1dx2y2', '14N-1dxy']
          [0, 0, 0, 0, 0, 0, 0, 0, 0, 0, 0, 0, 0, 0, 1, 1, 1, 1, 1, 1, 1, 1, 1, 1, 1, 1, 1, 1, 2, 2, 2, 2, 2, 2, 2, 2, 2, 2, 2, 2, 2, 2, 3, 3, 3, 3, 3, 3, 3, 3, 3, 3, 3, 3, 3, 3, 4, 4, 4, 4, 4, 4, 4, 4, 4, 4, 4, 4, 4, 4, 5, 5, 5, 5, 5, 5, 5, 5, 5, 5, 5, 5, 5, 5, 6, 6, 6, 6, 6, 7, 7, 7, 7, 7, 8, 8, 8, 8, 8, 9, 9, 9, 9, 9, 10, 10, 10, 10, 10, 10, 10, 10, 10, 10, 10, 10, 10, 10, 11, 11, 11, 11, 11, 11, 11, 11, 11, 11, 11, 11, 11, 11, 12, 12, 12, 12, 12, 12, 12, 12, 12, 12, 12, 12, 12, 12, 13, 13, 13, 13, 13, 13, 13, 13, 13, 13, 13, 13, 13, 13, 14, 14, 14, 14, 14, 14, 14, 14, 14, 14, 14, 14, 14, 14]
Trace of 0/174 orbital
Trace of 1/174 orbital
Trace of 2/174 orbital
Trace of 3/174 orbital
Trace of 4/174 orbital
Trace of 5/174 orbital
Trace of 6/174 orbital
Trace of 7/174 orbital
Trace of 8/174 orbital
Trace of 9/174 orbital
Trace of 10/174 orbital
Trace of 11/174 orbital
Trace of 12/174 orbital
Trace of 13/174 orbital
Trace of 14/174 orbital
Trace of 15/174 orbital
Trace of 16/174 orbital
Trace of 17/174 orbital
Trace of 18/174 orbital
Trace of 19/174 orbital
Trace of 20/174 orbital
Trace of 21/174 orbital
Trace of 22/174 orbital
Trace of 23/174 orbital
Trace of 24/174 orbital
Trace of 25/174 orbital
Trace of 26/174 orbital
Trace of 27/174 orbital
Trace of 28/174 orbital
Trace of 29/174 orbital
Trace of 30/174 orbital
Trace of 31/174 orbital
Trace of 32/174 orbital
Trace of 33/174 orbital
Trace of 34/174 orbital
Trace of 35/174 orbital
Trace of 36/174 orbital
Trace of 37/174 orbital
Trace of 38/174 orbital
Trace of 39/174 orbital
Trace of 40/174 orbital
Trace of 41/174 orbital
Trace of 42/174 orbital
Trace of 43/174 orbital
Trace of 44/174 orbital
Trace of 45/174 orbital
Trace of 46/174 orbital
Trace of 47/174 orbital
Trace of 48/174 orbital
Trace of 49/174 orbital
Trace of 50/174 orbital
Trace of 51/174 orbital
Trace of 52/174 orbital
Trace of 53/174 orbital
Trace of 54/174 orbital
Trace of 55/174 orbital
Trace of 56/174 orbital
Trace of 57/174 orbital
Trace of 58/174 orbital
Trace of 59/174 orbital
Trace of 60/174 orbital
***    step= 34  prev= 59  n= 60 [63, 9.171602810083005] [59, 20.879190488493997] [58, 20.938969357123003] 0.30186
 ==> Selected Orbitals  0.30186 [57, 58, 59, 60, 61, 62, 63] [0.29469, 0.29922, 0.30103, 0.3137, 0.33036, 0.34956, 0.35036]
 ** PE   0.305790    0.304880    0.303920
 ** E  (  0.302900 ->   0.301860)    0.350360    0.301030    0.299220
 **     -0.035233    0.073841    0.004964   -0.058582
 **     -0.338761   -0.098207    0.280212   -0.186945
 **     -0.116601   -0.118540    0.078450   -0.092955
 **      0.111568   -0.057372    0.008141    0.223672
 **     -0.203003   -0.214355    0.147515   -0.144555
 **      2.378143   -2.310256   -0.869712    3.116479
 **      0.543760   -0.532193   -0.227460    0.661185
 **      1.080696   -1.471836   -0.375690    1.447091
 **      1.130969   -1.164046   -0.464543    1.389815
 **      0.016396   -0.022195   -0.009439    0.014967
 **      0.008589    0.019145   -0.002654    0.011788
 **     -0.009549    0.023837    0.005393   -0.008971
 **     -0.017722    0.001091    0.009597   -0.017109
 **      0.008777    0.040836   -0.000913    0.015144
 **      0.057663   -0.052018   -0.019433    0.078552
 **     -0.344647   -0.108441    0.354673   -0.088508
 **     -0.166907   -0.038089    0.157400   -0.066229
 **      0.006234   -0.167411    0.079944    0.131747
 **     -0.308128   -0.098419    0.301295   -0.106916
 **     -1.500238    2.469692    0.057016   -2.749552
 **     -0.400315    0.784413   -0.041935   -0.829630
 **      1.159366   -0.825455   -0.377571    1.615509
 **     -0.576378    1.333454   -0.128904   -1.302513
 **      0.005770    0.010609   -0.016384   -0.014930
 **     -0.008473   -0.014524   -0.000441   -0.016786
 **      0.009918   -0.004610   -0.000479    0.017355
 **     -0.019362   -0.006552    0.027932    0.008301
 **     -0.018179   -0.029682    0.006184   -0.024680
 **     -0.048369    0.040277    0.032573   -0.040222
 **     -0.271712   -0.236747    0.420408    0.151200
 **      0.010971   -0.022993   -0.015752   -0.004325
 **     -0.138768    0.374448    0.211706    0.078206
 **      0.000938   -0.003572   -0.000937   -0.000227
 **      1.227481   -2.264835   -0.383048    1.775732
 **      0.082017   -0.066359    0.008496    0.166494
 **     -1.097143    0.846834   -0.192667   -2.367551
 **      0.011511   -0.004950   -0.009788    0.005234
 **      0.028755    0.005188   -0.039419   -0.007207
 **      0.000699   -0.003302   -0.002251   -0.002157
 **     -0.071154   -0.044703    0.082551   -0.004705
 **      0.040628    0.047749   -0.036657    0.018440
 **     -0.004927   -0.003110    0.005723   -0.000329
 **      0.058185   -0.052355   -0.019904    0.078718
 **     -0.344940   -0.108456    0.354888   -0.088731
 **      0.165062    0.059297   -0.167638    0.048063
 **      0.030529   -0.159202    0.056351    0.140433
 **      0.308481    0.097329   -0.301566    0.106579
 **     -1.511097    2.474893    0.066772   -2.753640
 **      0.244098   -0.667406    0.086597    0.600714
 **      1.191813   -0.919026   -0.357270    1.711506
 **      0.590325   -1.339399    0.116563    1.307807
 **      0.002982    0.006429   -0.015290   -0.018461
 **      0.012196    0.017696   -0.007332    0.011434
 **      0.007404   -0.009202    0.000267    0.013713
 **     -0.017705   -0.004665    0.027281    0.010374
 **      0.019517    0.028651   -0.006324    0.026900
 **     -0.035798    0.074068    0.005447   -0.058817
 **     -0.338233   -0.097971    0.279706   -0.186833
 **      0.100567    0.113788   -0.079224    0.061926
 **      0.128140   -0.042041   -0.004189    0.234907
 **      0.201871    0.221242   -0.146666    0.143658
 **      2.397326   -2.319905   -0.885885    3.124907
 **     -0.698164    0.747062    0.285205   -0.860280
 **      0.976962   -1.368844   -0.325206    1.334485
 **     -1.147761    1.166492    0.479046   -1.396479
 **      0.017793   -0.016431   -0.009743    0.017105
 **     -0.001881   -0.023820   -0.001036   -0.005389
 **     -0.008325    0.029871    0.005275   -0.006839
 **     -0.018617   -0.001824    0.009847   -0.018397
 **     -0.010106   -0.037062    0.001731   -0.016273
 **      0.013352   -0.064276   -0.002749    0.020906
 **     -0.455906    0.211949    0.299855   -0.366599
 **      0.007003    0.006719   -0.000615    0.013253
 **     -0.104860   -0.180315    0.014356   -0.185989
 **     -0.001695    0.004819    0.001408   -0.000822
 **     -0.858577    1.219462    0.167207   -1.379614
 **      0.125550   -0.184944   -0.048899    0.158892
 **     -1.918218    2.773041    0.808131   -2.323421
 **     -0.015874    0.005737    0.013601   -0.006046
 **      0.025976    0.010865   -0.015901    0.023118
 **      0.000151   -0.000185   -0.000012    0.000223
 **     -0.069263   -0.028372    0.043210   -0.060511
 **      0.043148    0.017007   -0.027408    0.037022
 **     -0.004913   -0.001807    0.003070   -0.004273
 **     -0.006052    0.287467   -0.008395   -0.022272
 **      0.480808   -0.941826   -0.178475    0.622291
 **      0.004675   -0.003620   -0.004181    0.002069
 **     -0.000927   -0.007278    0.002624    0.002164
 **      0.008367   -0.007445   -0.007261    0.004007
 **      0.122359    0.064373   -0.011369    0.210343
 **     -0.665170    0.573687    0.199972   -0.951989
 **      0.002383    0.001310   -0.004958   -0.003374
 **      0.005963    0.004901    0.001809    0.014378
 **      0.005152    0.003188   -0.008833   -0.004277
 **      0.123642    0.063398   -0.012643    0.210508
 **     -0.668116    0.574332    0.202336   -0.953585
 **     -0.003207   -0.002111    0.004664    0.001315
 **      0.005692    0.004680    0.002375    0.014761
 **     -0.005116   -0.003180    0.008789    0.004262
 **     -0.006374    0.288518   -0.008131   -0.022401
 **      0.482764   -0.941645   -0.180131    0.623130
 **     -0.004479    0.004641    0.003756   -0.002329
 **     -0.001526   -0.006541    0.003146    0.001890
 **     -0.008370    0.007534    0.007258   -0.004018
 **      0.037433   -0.024679   -0.018815    0.040496
 **     -0.146783    0.090125    0.084407   -0.137269
 **     -0.004279    0.013578    0.003634   -0.001600
 **      0.073081   -0.228811   -0.062077    0.030574
 **      0.001230    0.002168   -0.001007    0.000556
 **     -0.699045    0.969301    0.297421   -0.854365
 **      0.061837   -0.068885   -0.033105    0.062058
 **     -0.810291    0.973831    0.414769   -0.850184
 **      0.008403   -0.005254   -0.007126    0.003725
 **      0.010482   -0.024682   -0.007486    0.007031
 **      0.003221   -0.006818   -0.002196    0.002301
 **      0.007473   -0.010657   -0.004389    0.006642
 **     -0.027876    0.056806    0.018692   -0.020789
 **      0.000477   -0.000642   -0.000276    0.000465
 **      0.003755   -0.008424   -0.002108    0.003456
 **     -0.006757    0.032858    0.005397   -0.003420
 **      0.032748   -0.041687   -0.021731    0.025903
 **      0.018965   -0.007877   -0.002348    0.032143
 **      0.061933   -0.075770   -0.039876    0.051406
 **     -0.162478    0.185001    0.088482   -0.157447
 **     -0.045464    0.043278    0.024664   -0.044196
 **      0.054802   -0.029035   -0.028492    0.058927
 **     -0.075751    0.075620    0.041392   -0.073139
 **      0.005535   -0.007892   -0.002837    0.005672
 **     -0.005856    0.004227    0.003423   -0.005299
 **     -0.022371    0.030426    0.013720   -0.019089
 **      0.020700   -0.027169   -0.013659    0.016268
 **     -0.010710    0.008053    0.006038   -0.010136
 **      0.004199   -0.008541   -0.002481    0.003659
 **     -0.007558    0.033104    0.006083   -0.003758
 **     -0.034744    0.041329    0.021684   -0.030060
 **      0.013320   -0.001728    0.001482    0.027831
 **     -0.061577    0.077261    0.039546   -0.051084
 **     -0.173742    0.190040    0.097890   -0.162625
 **      0.040107   -0.039904   -0.022885    0.036931
 **      0.056855   -0.033507   -0.028546    0.062748
 **      0.080397   -0.077114   -0.045206    0.075175
 **      0.004255   -0.006596   -0.002072    0.004392
 **      0.004132   -0.002224   -0.002138    0.004241
 **     -0.023736    0.031826    0.014529   -0.020412
 **      0.021444   -0.027420   -0.014064    0.016908
 **      0.007598   -0.004032   -0.004149    0.007383
 **      0.022837    0.002798   -0.049055   -0.035784
 **     -0.223793    0.127813    0.412574    0.233566
 **      0.005758    0.002830   -0.014762   -0.013993
 **     -0.077708    0.049214    0.208336    0.207495
 **      0.000405   -0.003083   -0.000469   -0.000205
 **     -0.404084    0.269172    1.526476    1.785499
 **      0.036320   -0.019027   -0.032080    0.011051
 **     -0.533389    0.192324    0.471428   -0.165808
 **     -0.001479    0.003744    0.001304   -0.000299
 **      0.012058   -0.028758   -0.033664   -0.032424
 **      0.002906   -0.006494   -0.007870   -0.007355
 **     -0.000161   -0.001433    0.003480    0.005913
 **     -0.020698    0.052387    0.054241    0.049188
 **     -0.000002   -0.000324    0.000204    0.000371
 **     -0.023557    0.004385    0.046911    0.034095
 **      0.000337    0.100960    0.050306    0.074811
 **     -0.003128    0.013602    0.007755    0.006903
 **      0.050223   -0.136910   -0.115315   -0.094491
 **      0.000383   -0.002291   -0.000348    0.000005
 **      0.808121   -0.503376   -1.449355   -0.925058
 **      0.048536   -0.039489   -0.098062   -0.072570
 **     -0.697712    0.509336    1.408736    1.038375
 **      0.000375    0.001630   -0.000610   -0.000179
 **      0.006694    0.000687   -0.014469   -0.010540
 **      0.001712   -0.000620   -0.003568   -0.002518
 **      0.001312    0.000074   -0.000814    0.001161
 **     -0.013360   -0.001164    0.026330    0.016969
 **      0.000068    0.000376   -0.000041    0.000089
***** Select 59 *****
Trace of 61/174 orbital
Trace of 62/174 orbital
Trace of 63/174 orbital
Trace of 64/174 orbital
***    step= 311  prev= 66  n= 64 [62, 32.090711509918016] [0, 10000000000.0] [0, 10000000000.0] 0.38625
 ==> Selected Orbitals  0.38625 [62, 63, 64, 65, 66, 67, 68, 69] [0.34742, 0.3567, 0.35948, 0.37152, 0.3849, 0.39612, 0.42221, 0.42974]
 ** PE   0.383980    0.383950    0.383950
 ** E  (  0.383960 ->   0.386250)    0.347420  -19.349340  -19.349340
 **     -0.021653    0.000788   -0.000001   -0.000001
 **      0.018341    0.000429   -0.000024   -0.000024
 **     -0.094955   -0.422769   -0.000018   -0.000018
 **      0.411419   -0.068876   -0.000127   -0.000127
 **     -0.154225    0.142236   -0.000114   -0.000114
 **      1.158825   -0.032810   -0.007237   -0.007237
 **      0.625639    0.521145   -0.000693   -0.000693
 **     -0.890647    0.057118   -0.003274   -0.003274
 **      1.095388   -0.202713   -0.003616   -0.003616
 **     -0.005309    0.006303   -0.000046   -0.000046
 **     -0.018840   -0.031626   -0.000082   -0.000082
 **     -0.006656   -0.005020    0.000007    0.000007
 **      0.019505   -0.005533    0.000135    0.000135
 **     -0.032787    0.009962   -0.000137   -0.000137
 **      0.065417   -0.001005   -0.000017   -0.000017
 **      0.107210    0.001795   -0.000103   -0.000103
 **     -0.060809    0.218912    0.000009    0.000009
 **     -0.110804    0.035653   -0.000024   -0.000024
 **     -0.116409   -0.075097    0.000016    0.000016
 **     -1.785010    0.045317    0.001373    0.001373
 **     -0.708062   -0.277449   -0.000601   -0.000601
 **     -0.503975    0.004540    0.002030    0.002030
 **     -1.317127    0.078491   -0.000871   -0.000871
 **     -0.054363   -0.007405   -0.000022   -0.000022
 **      0.003819    0.022682   -0.000004   -0.000004
 **      0.042235   -0.001089    0.000022    0.000022
 **      0.040394    0.003109   -0.000020   -0.000020
 **      0.016044   -0.008140   -0.000000   -0.000000
 **     -0.000204    0.000279   -0.000017   -0.000017
 **     -0.001906   -0.003021   -0.000148   -0.000148
 **     -0.191090    0.402925    0.000006    0.000006
 **     -0.052784    0.062953   -0.000038   -0.000038
 **     -0.355745   -0.134386    0.000001    0.000001
 **     -0.015008   -0.006682    0.001327    0.001327
 **     -1.143214   -0.511935   -0.000468   -0.000468
 **     -0.343759   -0.001631    0.003666    0.003666
 **     -2.074321    0.165843    0.000309    0.000309
 **      0.004276    0.025320   -0.000037   -0.000037
 **     -0.023318    0.001658   -0.000001   -0.000001
 **      0.006030    0.038608    0.000016    0.000016
 **     -0.011757    0.014747    0.000007    0.000007
 **     -0.042531    0.006429    0.000032    0.000032
 **     -0.066014    0.000252   -0.000004   -0.000004
 **     -0.110186   -0.005911   -0.000076   -0.000076
 **     -0.075098    0.207716   -0.000008   -0.000008
 **      0.069880    0.033488   -0.000024   -0.000024
 **     -0.130908   -0.069299   -0.000035   -0.000035
 **      1.813356   -0.036654   -0.000919   -0.000919
 **     -0.776441   -0.252041    0.000117    0.000117
 **      0.037989   -0.004372    0.003362    0.003362
 **     -1.404642    0.108324    0.001919    0.001919
 **      0.050979    0.004126   -0.000027   -0.000027
 **      0.017381   -0.021917    0.000011    0.000011
 **     -0.048916   -0.006062    0.000029    0.000029
 **     -0.028983   -0.005690   -0.000049   -0.000049
 **      0.023147    0.007495    0.000035    0.000035
 **      0.022474   -0.000582   -0.000043   -0.000043
 **     -0.019856   -0.009567   -0.000446   -0.000446
 **     -0.019773   -0.434927   -0.000033   -0.000033
 **     -0.444393   -0.067434   -0.000076   -0.000076
 **     -0.052254    0.143845   -0.000140   -0.000140
 **     -1.194918    0.035334    0.009883    0.009883
 **      0.448991    0.548599    0.002583    0.002583
 **      1.186900    0.055253   -0.006539   -0.006539
 **      0.872507   -0.155837    0.004769    0.004769
 **      0.010244   -0.007710   -0.000039   -0.000039
 **     -0.009181    0.032038   -0.000067   -0.000067
 **      0.014930    0.000766    0.000016    0.000016
 **     -0.034102    0.004665    0.000092    0.000092
 **     -0.018876   -0.011145   -0.000122   -0.000122
 **     -0.000263    0.000047    0.000032    0.000032
 **     -0.000402   -0.009095    0.000110    0.000110
 **      0.044911   -0.456456   -0.000066   -0.000066
 **      0.012505   -0.079195    0.000081    0.000081
 **      0.095177    0.145555   -0.000164   -0.000164
 **      0.008583    0.019965   -0.002450   -0.002450
 **      0.769518    0.281326    0.003081    0.003081
 **      0.249423   -0.004563   -0.015561   -0.015561
 **      1.388602   -0.072867    0.001964    0.001964
 **     -0.003257    0.021877    0.000021    0.000021
 **      0.019222    0.001947   -0.000163   -0.000163
 **     -0.006015    0.033193    0.000072    0.000072
 **      0.010353    0.011776    0.000027    0.000027
 **      0.035905    0.006041   -0.000472   -0.000472
 **     -0.161948    0.002869    0.000156    0.000156
 **      0.201704   -0.000830   -0.000243   -0.000243
 **      0.004091    0.004073    0.000036    0.000036
 **     -0.008314    0.000672   -0.000047   -0.000047
 **      0.006931   -0.001459    0.000086    0.000086
 **      0.142460    0.000017    0.000062    0.000062
 **     -0.461123    0.012598    0.000336    0.000336
 **     -0.003955   -0.002118    0.000019    0.000019
 **      0.005571   -0.000145   -0.000031   -0.000031
 **     -0.006860    0.000736    0.000045    0.000045
 **     -0.142118   -0.004587   -0.000173   -0.000173
 **      0.480640   -0.000424   -0.000558   -0.000558
 **     -0.002931   -0.001840   -0.000020   -0.000020
 **     -0.007702   -0.000449   -0.000079   -0.000079
 **     -0.005680    0.000941   -0.000096   -0.000096
 **      0.165660   -0.005883   -0.000314   -0.000314
 **     -0.214671    0.001918    0.001154    0.001154
 **      0.002462    0.004306   -0.000084   -0.000084
 **      0.009917    0.000342    0.000047    0.000047
 **      0.004813   -0.001206   -0.000233   -0.000233
 **     -0.000062    0.000361    0.000085    0.000085
 **      0.000156   -0.002847   -0.000092   -0.000092
 **      0.215905   -0.254347   -0.000011   -0.000011
 **      0.064132   -0.041637   -0.000323   -0.000323
 **      0.400558    0.079915   -0.000187   -0.000187
 **      0.008762   -0.006525    0.006336    0.006336
 **     -0.484369    0.240615   -0.001653   -0.001653
 **     -0.140722    0.059460    0.020824    0.020824
 **     -0.888186   -0.062915    0.004993    0.004993
 **     -0.004197   -0.007392    0.000178    0.000178
 **      0.023576   -0.000576   -0.000053   -0.000053
 **     -0.006762   -0.012831    0.000117    0.000117
 **      0.012598   -0.003523   -0.000391   -0.000391
 **      0.043258   -0.001640   -0.000474   -0.000474
 **      0.002426   -0.000146   -0.259438   -0.259438
 **     -0.024803    0.000053   -0.008590   -0.008590
 **      0.092078   -0.072977    0.000161    0.000161
 **     -0.006853   -0.011615   -0.000575   -0.000575
 **      0.167130    0.023455    0.000210    0.000210
 **     -0.455905    0.007096    0.013088    0.013088
 **     -0.050798   -0.007025   -0.001810   -0.001810
 **     -0.083154    0.001351    0.003434    0.003434
 **     -0.096138   -0.001771   -0.003817   -0.003817
 **      0.015600    0.003521   -0.000138   -0.000138
 **     -0.032901   -0.020936   -0.000240   -0.000240
 **     -0.021129   -0.005098    0.000375    0.000375
 **      0.003413   -0.005397   -0.000387   -0.000387
 **     -0.061150    0.005882   -0.000720   -0.000720
 **     -0.002446    0.000481    0.960809    0.960809
 **      0.025003   -0.001388    0.029345    0.029345
 **      0.084904   -0.072878   -0.000076   -0.000076
 **      0.060018   -0.013745   -0.001910   -0.001910
 **      0.159982    0.025004   -0.001152   -0.001152
 **      0.456184   -0.015435   -0.028135   -0.028135
 **     -0.062067   -0.005233    0.000491    0.000491
 **      0.048846    0.005672    0.008975    0.008975
 **     -0.110724    0.004369    0.005816    0.005816
 **     -0.005897   -0.006784    0.000467    0.000467
 **     -0.025725    0.020669   -0.000080   -0.000080
 **      0.038422   -0.001262   -0.000062   -0.000062
 **     -0.034001    0.001437   -0.000261   -0.000261
 **     -0.046964   -0.008248   -0.000762   -0.000762
 **     -0.000004   -0.000491   -0.000005   -0.000005
 **      0.000011    0.000994    0.000006    0.000006
 **     -0.000002   -0.001452    0.000008    0.000008
 **      0.000008    0.000355   -0.000049   -0.000049
 **     -0.000002    0.000934   -0.000003   -0.000003
 **      0.000144    0.019071    0.000459    0.000459
 **     -0.000002    0.004495    0.000043    0.000043
 **      0.000092    0.005958    0.000312    0.000312
 **      0.000008    0.010208    0.000276    0.000276
 **     -0.000000   -0.000042   -0.000024   -0.000024
 **      0.000000    0.000035    0.000012    0.000012
 **     -0.000000    0.000064    0.000009    0.000009
 **      0.000000   -0.000030   -0.000008   -0.000008
 **      0.000000    0.000087    0.000051    0.000051
 **      0.000004    0.000499    0.000002    0.000002
 **     -0.000010   -0.001141    0.000009    0.000009
 **      0.000000    0.000334    0.000006    0.000006
 **      0.000003    0.000326    0.000022    0.000022
 **      0.000000    0.000469    0.000029    0.000029
 **     -0.000142   -0.018973   -0.000541   -0.000541
 **     -0.000004    0.002301    0.000079    0.000079
 **      0.000100    0.005928    0.000049    0.000049
 **      0.000005    0.010746    0.000242    0.000242
 **      0.000000    0.000133    0.000008    0.000008
 **      0.000000    0.000072   -0.000004   -0.000004
 **     -0.000000    0.000120   -0.000019   -0.000019
 **     -0.000000    0.000096    0.000033    0.000033
 **      0.000000   -0.000119   -0.000005   -0.000005
***** Select 62 *****
Trace of 65/174 orbital
Trace of 66/174 orbital
***    step= 311  prev= 66  n= 66 [62, 32.090711509918016] [0, 10000000000.0] [0, 10000000000.0] 0.38625
 ==> Selected Orbitals  0.38625 [62, 63, 64, 65, 66, 67, 68, 69] [0.34742, 0.3567, 0.35948, 0.37152, 0.3849, 0.39612, 0.42221, 0.42974]
 ** PE   0.383980    0.383950    0.383950
 ** E  (  0.383960 ->   0.386250)    0.347420  -19.349340  -19.349340
 **     -0.021653    0.000788   -0.000001   -0.000001
 **      0.018341    0.000429   -0.000024   -0.000024
 **     -0.094955   -0.422769   -0.000018   -0.000018
 **      0.411419   -0.068876   -0.000127   -0.000127
 **     -0.154225    0.142236   -0.000114   -0.000114
 **      1.158825   -0.032810   -0.007237   -0.007237
 **      0.625639    0.521145   -0.000693   -0.000693
 **     -0.890647    0.057118   -0.003274   -0.003274
 **      1.095388   -0.202713   -0.003616   -0.003616
 **     -0.005309    0.006303   -0.000046   -0.000046
 **     -0.018840   -0.031626   -0.000082   -0.000082
 **     -0.006656   -0.005020    0.000007    0.000007
 **      0.019505   -0.005533    0.000135    0.000135
 **     -0.032787    0.009962   -0.000137   -0.000137
 **      0.065417   -0.001005   -0.000017   -0.000017
 **      0.107210    0.001795   -0.000103   -0.000103
 **     -0.060809    0.218912    0.000009    0.000009
 **     -0.110804    0.035653   -0.000024   -0.000024
 **     -0.116409   -0.075097    0.000016    0.000016
 **     -1.785010    0.045317    0.001373    0.001373
 **     -0.708062   -0.277449   -0.000601   -0.000601
 **     -0.503975    0.004540    0.002030    0.002030
 **     -1.317127    0.078491   -0.000871   -0.000871
 **     -0.054363   -0.007405   -0.000022   -0.000022
 **      0.003819    0.022682   -0.000004   -0.000004
 **      0.042235   -0.001089    0.000022    0.000022
 **      0.040394    0.003109   -0.000020   -0.000020
 **      0.016044   -0.008140   -0.000000   -0.000000
 **     -0.000204    0.000279   -0.000017   -0.000017
 **     -0.001906   -0.003021   -0.000148   -0.000148
 **     -0.191090    0.402925    0.000006    0.000006
 **     -0.052784    0.062953   -0.000038   -0.000038
 **     -0.355745   -0.134386    0.000001    0.000001
 **     -0.015008   -0.006682    0.001327    0.001327
 **     -1.143214   -0.511935   -0.000468   -0.000468
 **     -0.343759   -0.001631    0.003666    0.003666
 **     -2.074321    0.165843    0.000309    0.000309
 **      0.004276    0.025320   -0.000037   -0.000037
 **     -0.023318    0.001658   -0.000001   -0.000001
 **      0.006030    0.038608    0.000016    0.000016
 **     -0.011757    0.014747    0.000007    0.000007
 **     -0.042531    0.006429    0.000032    0.000032
 **     -0.066014    0.000252   -0.000004   -0.000004
 **     -0.110186   -0.005911   -0.000076   -0.000076
 **     -0.075098    0.207716   -0.000008   -0.000008
 **      0.069880    0.033488   -0.000024   -0.000024
 **     -0.130908   -0.069299   -0.000035   -0.000035
 **      1.813356   -0.036654   -0.000919   -0.000919
 **     -0.776441   -0.252041    0.000117    0.000117
 **      0.037989   -0.004372    0.003362    0.003362
 **     -1.404642    0.108324    0.001919    0.001919
 **      0.050979    0.004126   -0.000027   -0.000027
 **      0.017381   -0.021917    0.000011    0.000011
 **     -0.048916   -0.006062    0.000029    0.000029
 **     -0.028983   -0.005690   -0.000049   -0.000049
 **      0.023147    0.007495    0.000035    0.000035
 **      0.022474   -0.000582   -0.000043   -0.000043
 **     -0.019856   -0.009567   -0.000446   -0.000446
 **     -0.019773   -0.434927   -0.000033   -0.000033
 **     -0.444393   -0.067434   -0.000076   -0.000076
 **     -0.052254    0.143845   -0.000140   -0.000140
 **     -1.194918    0.035334    0.009883    0.009883
 **      0.448991    0.548599    0.002583    0.002583
 **      1.186900    0.055253   -0.006539   -0.006539
 **      0.872507   -0.155837    0.004769    0.004769
 **      0.010244   -0.007710   -0.000039   -0.000039
 **     -0.009181    0.032038   -0.000067   -0.000067
 **      0.014930    0.000766    0.000016    0.000016
 **     -0.034102    0.004665    0.000092    0.000092
 **     -0.018876   -0.011145   -0.000122   -0.000122
 **     -0.000263    0.000047    0.000032    0.000032
 **     -0.000402   -0.009095    0.000110    0.000110
 **      0.044911   -0.456456   -0.000066   -0.000066
 **      0.012505   -0.079195    0.000081    0.000081
 **      0.095177    0.145555   -0.000164   -0.000164
 **      0.008583    0.019965   -0.002450   -0.002450
 **      0.769518    0.281326    0.003081    0.003081
 **      0.249423   -0.004563   -0.015561   -0.015561
 **      1.388602   -0.072867    0.001964    0.001964
 **     -0.003257    0.021877    0.000021    0.000021
 **      0.019222    0.001947   -0.000163   -0.000163
 **     -0.006015    0.033193    0.000072    0.000072
 **      0.010353    0.011776    0.000027    0.000027
 **      0.035905    0.006041   -0.000472   -0.000472
 **     -0.161948    0.002869    0.000156    0.000156
 **      0.201704   -0.000830   -0.000243   -0.000243
 **      0.004091    0.004073    0.000036    0.000036
 **     -0.008314    0.000672   -0.000047   -0.000047
 **      0.006931   -0.001459    0.000086    0.000086
 **      0.142460    0.000017    0.000062    0.000062
 **     -0.461123    0.012598    0.000336    0.000336
 **     -0.003955   -0.002118    0.000019    0.000019
 **      0.005571   -0.000145   -0.000031   -0.000031
 **     -0.006860    0.000736    0.000045    0.000045
 **     -0.142118   -0.004587   -0.000173   -0.000173
 **      0.480640   -0.000424   -0.000558   -0.000558
 **     -0.002931   -0.001840   -0.000020   -0.000020
 **     -0.007702   -0.000449   -0.000079   -0.000079
 **     -0.005680    0.000941   -0.000096   -0.000096
 **      0.165660   -0.005883   -0.000314   -0.000314
 **     -0.214671    0.001918    0.001154    0.001154
 **      0.002462    0.004306   -0.000084   -0.000084
 **      0.009917    0.000342    0.000047    0.000047
 **      0.004813   -0.001206   -0.000233   -0.000233
 **     -0.000062    0.000361    0.000085    0.000085
 **      0.000156   -0.002847   -0.000092   -0.000092
 **      0.215905   -0.254347   -0.000011   -0.000011
 **      0.064132   -0.041637   -0.000323   -0.000323
 **      0.400558    0.079915   -0.000187   -0.000187
 **      0.008762   -0.006525    0.006336    0.006336
 **     -0.484369    0.240615   -0.001653   -0.001653
 **     -0.140722    0.059460    0.020824    0.020824
 **     -0.888186   -0.062915    0.004993    0.004993
 **     -0.004197   -0.007392    0.000178    0.000178
 **      0.023576   -0.000576   -0.000053   -0.000053
 **     -0.006762   -0.012831    0.000117    0.000117
 **      0.012598   -0.003523   -0.000391   -0.000391
 **      0.043258   -0.001640   -0.000474   -0.000474
 **      0.002426   -0.000146   -0.259438   -0.259438
 **     -0.024803    0.000053   -0.008590   -0.008590
 **      0.092078   -0.072977    0.000161    0.000161
 **     -0.006853   -0.011615   -0.000575   -0.000575
 **      0.167130    0.023455    0.000210    0.000210
 **     -0.455905    0.007096    0.013088    0.013088
 **     -0.050798   -0.007025   -0.001810   -0.001810
 **     -0.083154    0.001351    0.003434    0.003434
 **     -0.096138   -0.001771   -0.003817   -0.003817
 **      0.015600    0.003521   -0.000138   -0.000138
 **     -0.032901   -0.020936   -0.000240   -0.000240
 **     -0.021129   -0.005098    0.000375    0.000375
 **      0.003413   -0.005397   -0.000387   -0.000387
 **     -0.061150    0.005882   -0.000720   -0.000720
 **     -0.002446    0.000481    0.960809    0.960809
 **      0.025003   -0.001388    0.029345    0.029345
 **      0.084904   -0.072878   -0.000076   -0.000076
 **      0.060018   -0.013745   -0.001910   -0.001910
 **      0.159982    0.025004   -0.001152   -0.001152
 **      0.456184   -0.015435   -0.028135   -0.028135
 **     -0.062067   -0.005233    0.000491    0.000491
 **      0.048846    0.005672    0.008975    0.008975
 **     -0.110724    0.004369    0.005816    0.005816
 **     -0.005897   -0.006784    0.000467    0.000467
 **     -0.025725    0.020669   -0.000080   -0.000080
 **      0.038422   -0.001262   -0.000062   -0.000062
 **     -0.034001    0.001437   -0.000261   -0.000261
 **     -0.046964   -0.008248   -0.000762   -0.000762
 **     -0.000004   -0.000491   -0.000005   -0.000005
 **      0.000011    0.000994    0.000006    0.000006
 **     -0.000002   -0.001452    0.000008    0.000008
 **      0.000008    0.000355   -0.000049   -0.000049
 **     -0.000002    0.000934   -0.000003   -0.000003
 **      0.000144    0.019071    0.000459    0.000459
 **     -0.000002    0.004495    0.000043    0.000043
 **      0.000092    0.005958    0.000312    0.000312
 **      0.000008    0.010208    0.000276    0.000276
 **     -0.000000   -0.000042   -0.000024   -0.000024
 **      0.000000    0.000035    0.000012    0.000012
 **     -0.000000    0.000064    0.000009    0.000009
 **      0.000000   -0.000030   -0.000008   -0.000008
 **      0.000000    0.000087    0.000051    0.000051
 **      0.000004    0.000499    0.000002    0.000002
 **     -0.000010   -0.001141    0.000009    0.000009
 **      0.000000    0.000334    0.000006    0.000006
 **      0.000003    0.000326    0.000022    0.000022
 **      0.000000    0.000469    0.000029    0.000029
 **     -0.000142   -0.018973   -0.000541   -0.000541
 **     -0.000004    0.002301    0.000079    0.000079
 **      0.000100    0.005928    0.000049    0.000049
 **      0.000005    0.010746    0.000242    0.000242
 **      0.000000    0.000133    0.000008    0.000008
 **      0.000000    0.000072   -0.000004   -0.000004
 **     -0.000000    0.000120   -0.000019   -0.000019
 **     -0.000000    0.000096    0.000033    0.000033
 **      0.000000   -0.000119   -0.000005   -0.000005
***** Select 62 *****
Trace of 67/174 orbital
Trace of 68/174 orbital
Trace of 69/174 orbital
Trace of 70/174 orbital
***    step= 311  prev= 67  n= 70 [63, 41.22660866446801] [62, 56.593337167779026] [0, 10000000000.0] 0.39456
 ==> Selected Orbitals  0.39456 [62, 63, 64, 65, 66, 67, 68, 69, 70] [0.34742, 0.3567, 0.35948, 0.37152, 0.3849, 0.39612, 0.42221, 0.42974, 0.44173]
 ** PE   0.393850    0.393840    0.393840
 ** E  (  0.393850 ->   0.394560)    0.356700    0.347420  -19.349340
 **      0.033833    0.059866    0.000788   -0.000001
 **     -0.198806   -0.093533    0.000429   -0.000024
 **      0.019227    0.024785   -0.422769   -0.000018
 **     -0.028497   -0.376603   -0.068876   -0.000127
 **      0.022855   -0.187151    0.142236   -0.000114
 **     -2.043750   -0.918761   -0.032810   -0.007237
 **     -0.513128    0.219363    0.521145   -0.000693
 **     -1.604222   -0.244520    0.057118   -0.003274
 **     -1.003094    0.626819   -0.202713   -0.003616
 **      0.023569   -0.044474    0.006303   -0.000046
 **      0.022160   -0.019783   -0.031626   -0.000082
 **     -0.030802    0.016265   -0.005020    0.000007
 **     -0.004322    0.034210   -0.005533    0.000135
 **      0.036308   -0.008972    0.009962   -0.000137
 **     -0.048280   -0.031104   -0.001005   -0.000017
 **     -0.358670    0.204358    0.001795   -0.000103
 **     -0.058917    0.104042    0.218912    0.000009
 **      0.112390   -0.082241    0.035653   -0.000024
 **     -0.095382    0.174199   -0.075097    0.000016
 **      2.356050    1.083768    0.045317    0.001373
 **      0.860877   -0.086070   -0.277449   -0.000601
 **     -1.055970    1.110443    0.004540    0.002030
 **      1.492180    0.372015    0.078491   -0.000871
 **      0.029791   -0.017402   -0.007405   -0.000022
 **     -0.000950   -0.007362    0.022682   -0.000004
 **     -0.050195    0.015287   -0.001089    0.000022
 **      0.011741    0.000901    0.003109   -0.000020
 **     -0.005344   -0.010078   -0.008140   -0.000000
 **      0.017872   -0.002227    0.000279   -0.000017
 **     -0.370483    0.114373   -0.003021   -0.000148
 **     -0.066558   -0.073642    0.402925    0.000006
 **      0.675982   -0.012439    0.062953   -0.000038
 **     -0.077947   -0.218026   -0.134386    0.000001
 **     -2.211712   -1.553538   -0.006682    0.001327
 **      0.001096   -0.079647   -0.511935   -0.000468
 **      0.003713    0.376397   -0.001631    0.003666
 **     -0.005779   -0.077912    0.165843    0.000309
 **      0.036611    0.012506    0.025320   -0.000037
 **      0.003659    0.001543    0.001658   -0.000001
 **     -0.037167   -0.000334    0.038608    0.000016
 **     -0.015950   -0.019852    0.014747    0.000007
 **      0.001052   -0.004076    0.006429    0.000032
 **     -0.048530   -0.028547    0.000252   -0.000004
 **     -0.365816    0.154142   -0.005911   -0.000076
 **      0.036623    0.028015    0.207716   -0.000008
 **      0.147284    0.101361    0.033488   -0.000024
 **      0.065536    0.241444   -0.069299   -0.000035
 **      2.375503    0.672470   -0.036654   -0.000919
 **     -0.636140    0.281562   -0.252041    0.000117
 **     -1.512024   -0.728403   -0.004372    0.003362
 **     -1.216907    0.392239    0.108324    0.001919
 **      0.030389   -0.012238    0.004126   -0.000027
 **     -0.003838    0.006633   -0.021917    0.000011
 **     -0.050713    0.003914   -0.006062    0.000029
 **      0.011544   -0.006104   -0.005690   -0.000049
 **     -0.010812    0.020630    0.007495    0.000035
 **      0.033478    0.052777   -0.000582   -0.000043
 **     -0.207066   -0.128414   -0.009567   -0.000446
 **     -0.013695   -0.119243   -0.434927   -0.000033
 **     -0.027157    0.393423   -0.067434   -0.000076
 **     -0.014608   -0.102098    0.143845   -0.000140
 **     -2.050751   -0.614196    0.035334    0.009883
 **      0.781419    0.290106    0.548599    0.002583
 **     -1.236141   -0.042552    0.055253   -0.006539
 **      1.327858    0.793319   -0.155837    0.004769
 **      0.031275   -0.034379   -0.007710   -0.000039
 **     -0.015896   -0.009466    0.032038   -0.000067
 **     -0.021632    0.015253    0.000766    0.000016
 **     -0.024140    0.021983    0.004665    0.000092
 **     -0.033822    0.008988   -0.011145   -0.000122
 **     -0.011249   -0.057234    0.000047    0.000032
 **     -0.058356   -0.127972   -0.009095    0.000110
 **      0.037794   -0.165463   -0.456456   -0.000066
 **     -0.434614   -0.044233   -0.079195    0.000081
 **      0.046618   -0.527712    0.145555   -0.000164
 **      1.063736    0.886046    0.019965   -0.002450
 **     -0.235685    0.066207    0.281326    0.003081
 **      2.582395   -0.205485   -0.004563   -0.015561
 **     -0.284940    0.107942   -0.072867    0.001964
 **     -0.000517    0.056724    0.021877    0.000021
 **     -0.002665    0.024546    0.001947   -0.000163
 **     -0.009658   -0.008032    0.033193    0.000072
 **      0.012773   -0.078088    0.011776    0.000027
 **     -0.004283   -0.006519    0.006041   -0.000472
 **      0.120852    0.227946    0.002869    0.000156
 **     -0.844360   -0.411563   -0.000830   -0.000243
 **     -0.003966    0.003998    0.004073    0.000036
 **     -0.009869    0.002422    0.000672   -0.000047
 **     -0.007592    0.014298   -0.001459    0.000086
 **     -0.076228    0.112332    0.000017    0.000062
 **      0.907711    0.546319    0.012598    0.000336
 **      0.005802   -0.001914   -0.002118    0.000019
 **     -0.009232    0.003507   -0.000145   -0.000031
 **      0.009889   -0.002812    0.000736    0.000045
 **     -0.082139    0.058785   -0.004587   -0.000173
 **      0.922965    0.506434   -0.000424   -0.000558
 **     -0.004304    0.000437   -0.001840   -0.000020
 **     -0.012049   -0.004376   -0.000449   -0.000079
 **     -0.008154   -0.002103    0.000941   -0.000096
 **      0.111327    0.162560   -0.005883   -0.000314
 **     -0.845447   -0.352358    0.001918    0.001154
 **      0.005409    0.006470    0.004306   -0.000084
 **     -0.007172   -0.011220    0.000342    0.000047
 **      0.009261    0.013627   -0.001206   -0.000233
 **     -0.018970    0.014561    0.000361    0.000085
 **      0.157510   -0.209041   -0.002847   -0.000092
 **      0.017088   -0.057644   -0.254347   -0.000011
 **     -0.224681   -0.026185   -0.041637   -0.000323
 **      0.019613   -0.191567    0.079915   -0.000187
 **      0.656450    0.342847   -0.006525    0.006336
 **     -0.084743    0.156799    0.240615   -0.001653
 **      0.923621    0.122936    0.059460    0.020824
 **     -0.103169    0.537669   -0.062915    0.004993
 **     -0.031917    0.010622   -0.007392    0.000178
 **     -0.012490   -0.001025   -0.000576   -0.000053
 **     -0.007014   -0.029951   -0.012831    0.000117
 **      0.065430    0.057687   -0.003523   -0.000391
 **     -0.016113    0.010941   -0.001640   -0.000474
 **     -0.008921    0.009002   -0.000146   -0.259438
 **      0.033293   -0.030201    0.000053   -0.008590
 **     -0.031966   -0.000204   -0.072977    0.000161
 **     -0.034767    0.070860   -0.011615   -0.000575
 **     -0.061080    0.026194    0.023455    0.000210
 **      0.243228   -0.213716    0.007096    0.013088
 **      0.061921    0.017157   -0.007025   -0.001810
 **      0.012728   -0.140498    0.001351    0.003434
 **      0.113864   -0.012170   -0.001771   -0.003817
 **     -0.014083    0.022646    0.003521   -0.000138
 **      0.009078    0.015994   -0.020936   -0.000240
 **      0.036674   -0.000254   -0.005098    0.000375
 **     -0.022866   -0.043277   -0.005397   -0.000387
 **      0.017870    0.006867    0.005882   -0.000720
 **     -0.009022    0.011461    0.000481    0.960809
 **      0.031888   -0.034573   -0.001388    0.029345
 **      0.033848    0.021023   -0.072878   -0.000076
 **     -0.016348   -0.112364   -0.013745   -0.001910
 **      0.062382    0.013829    0.025004   -0.001152
 **      0.244234   -0.343653   -0.015435   -0.028135
 **     -0.062165   -0.019945   -0.005233    0.000491
 **     -0.022788    0.206167    0.005672    0.008975
 **     -0.114793    0.035903    0.004369    0.005816
 **     -0.012457    0.029151   -0.006784    0.000467
 **      0.000818    0.006897    0.020669   -0.000080
 **      0.038418    0.001909   -0.001262   -0.000062
 **     -0.026613   -0.045612    0.001437   -0.000261
 **      0.002048   -0.025455   -0.008248   -0.000762
 **     -0.000004    0.019365   -0.000491   -0.000005
 **      0.000010   -0.049481    0.000994    0.000006
 **     -0.000003   -0.007572   -0.001452    0.000008
 **      0.000009   -0.003265    0.000355   -0.000049
 **     -0.000005   -0.023945    0.000934   -0.000003
 **      0.000132   -0.706063    0.019071    0.000459
 **      0.000000   -0.101514    0.004495    0.000043
 **      0.000082   -0.232752    0.005958    0.000312
 **      0.000011   -0.395271    0.010208    0.000276
 **     -0.000000    0.001333   -0.000042   -0.000024
 **      0.000000   -0.000699    0.000035    0.000012
 **     -0.000000   -0.001115    0.000064    0.000009
 **      0.000000    0.001721   -0.000030   -0.000008
 **      0.000000   -0.002405    0.000087    0.000051
 **      0.000004   -0.019248    0.000499    0.000002
 **     -0.000010    0.045149   -0.001141    0.000009
 **      0.000000   -0.005070    0.000334    0.000006
 **      0.000002   -0.010874    0.000326    0.000022
 **      0.000001   -0.019321    0.000469    0.000029
 **     -0.000129    0.708633   -0.018973   -0.000541
 **     -0.000005   -0.104897    0.002301    0.000079
 **      0.000093   -0.224994    0.005928    0.000049
 **      0.000004   -0.402378    0.010746    0.000242
 **     -0.000000   -0.001376    0.000133    0.000008
 **      0.000000    0.000555    0.000072   -0.000004
 **     -0.000000    0.001484    0.000120   -0.000019
 **      0.000000   -0.002358    0.000096    0.000033
 **      0.000001    0.001837   -0.000119   -0.000005
***** Select 63 *****
Trace of 71/174 orbital
Trace of 72/174 orbital
Trace of 73/174 orbital
Trace of 74/174 orbital
Trace of 75/174 orbital
Trace of 76/174 orbital
Trace of 77/174 orbital
Trace of 78/174 orbital
Trace of 79/174 orbital
Trace of 80/174 orbital
Trace of 81/174 orbital
Trace of 82/174 orbital
Trace of 83/174 orbital
Trace of 84/174 orbital
Trace of 85/174 orbital
Trace of 86/174 orbital
Trace of 87/174 orbital
Trace of 88/174 orbital
Trace of 89/174 orbital
Trace of 90/174 orbital
Trace of 91/174 orbital
Trace of 92/174 orbital
Trace of 93/174 orbital
Trace of 94/174 orbital
Trace of 95/174 orbital
Trace of 96/174 orbital
Trace of 97/174 orbital
Trace of 98/174 orbital
Trace of 99/174 orbital
***    step= 12  prev= 100  n= 99 [104, 2.204108543373998] [101, 2.3105656892240005] [99, 2.9641027880649995] 1.11674
 ==> Selected Orbitals  1.11674 [99, 100, 101, 102, 103, 104, 105] [1.08602, 1.11711, 1.11837, 1.11868, 1.1528, 1.15826, 1.16108]
 ** PE   1.110360    1.111940    1.113530
 ** E  (  1.115140 ->   1.116740)    1.158260    1.118370    1.086020
 **      0.001862   -0.000279   -0.001472    0.000100
 **      0.047047   -0.004345   -0.040123    0.001464
 **      0.022479   -0.053979    0.011919    0.068155
 **      0.018273   -0.005137   -0.012473    0.004648
 **      0.001444    0.029618   -0.018810   -0.037993
 **     -0.126242    0.017159    0.096260   -0.015332
 **     -0.002818    0.032621    0.114280   -0.079162
 **      0.040251    0.016291   -0.014267   -0.001538
 **     -0.150534    0.001659    0.053088    0.038000
 **     -0.164327    0.000302   -0.159896   -0.147289
 **      0.160178    0.313767    0.158568   -0.114683
 **     -0.099902    0.038469   -0.095400   -0.121607
 **     -0.069305    0.042656   -0.071141   -0.100178
 **     -0.100480   -0.169712   -0.101956    0.048167
 **      0.000532   -0.000188   -0.000368   -0.000066
 **      0.006143   -0.002852   -0.004015   -0.001727
 **     -0.046869   -0.035781   -0.046059    0.021470
 **     -0.015214   -0.001390    0.007210    0.001621
 **      0.022603    0.020646    0.026771   -0.011861
 **     -0.098376    0.008895    0.069036    0.012123
 **     -0.083323   -0.005661   -0.036998   -0.051511
 **      0.066864   -0.001264   -0.058462    0.000146
 **     -0.005398    0.014883    0.065113    0.032485
 **      0.161404    0.065109    0.158543   -0.110408
 **     -0.090499   -0.315825   -0.086808    0.076712
 **      0.099960    0.005552    0.110249   -0.070634
 **      0.082556   -0.008488    0.076057   -0.052412
 **      0.059689    0.176909    0.065095   -0.051684
 **     -0.002159    0.000407    0.001996    0.000018
 **     -0.053962    0.011899    0.045066    0.000228
 **     -0.001819   -0.033221   -0.001497   -0.112991
 **      0.024696   -0.003461   -0.018133   -0.008467
 **     -0.000220    0.017908    0.001464    0.060689
 **      0.132093   -0.002675   -0.110071   -0.002678
 **      0.014281    0.014335   -0.006607    0.299525
 **     -0.205566    0.046839    0.162033    0.022431
 **      0.000036   -0.007133   -0.004669   -0.148735
 **     -0.200104   -0.016052   -0.209264   -0.017513
 **     -0.016354    0.132014   -0.011102    0.141898
 **     -0.159837    0.004121   -0.143763    0.005588
 **     -0.113930    0.010643   -0.123302    0.009772
 **     -0.011130   -0.073139   -0.013142   -0.078328
 **      0.000476   -0.000196   -0.000436    0.000072
 **      0.005810   -0.002796   -0.004458    0.001466
 **      0.048261   -0.036483    0.046776    0.021497
 **     -0.008989   -0.001550    0.013165    0.001520
 **     -0.022975    0.019478   -0.028614   -0.011884
 **     -0.089628    0.010010    0.079717   -0.004635
 **      0.073526   -0.016230    0.039315   -0.050207
 **      0.074763   -0.006441   -0.054270   -0.010837
 **      0.005336   -0.004925   -0.062360    0.033176
 **      0.136546    0.014596    0.138958    0.089726
 **      0.113641   -0.320002    0.112487    0.092764
 **      0.107090   -0.031678    0.121441    0.077443
 **      0.097054   -0.038135    0.092869    0.064472
 **     -0.045435    0.174182   -0.050197   -0.041519
 **      0.001817   -0.000313   -0.001527   -0.000087
 **      0.047652   -0.003577   -0.039440   -0.001712
 **     -0.025515   -0.054165   -0.011943    0.068574
 **      0.015311   -0.005395   -0.013748    0.004664
 **     -0.002450    0.029234    0.018318   -0.037175
 **     -0.116299    0.022410    0.108008    0.010492
 **     -0.002393    0.016278   -0.108049   -0.079151
 **      0.026580    0.007807   -0.043548   -0.016321
 **      0.149826   -0.029307   -0.055325    0.036412
 **     -0.122520   -0.074093   -0.119765    0.171717
 **     -0.183049    0.308102   -0.181442   -0.088948
 **     -0.113133   -0.016091   -0.109869    0.113503
 **     -0.093289   -0.000453   -0.095624    0.085935
 **      0.086006   -0.173157    0.088743    0.064757
 **     -0.005073    0.000287    0.004139    0.000077
 **     -0.085924    0.006745    0.071284    0.001070
 **      0.000659    0.045658   -0.000134   -0.021796
 **     -0.003441    0.004929    0.003458   -0.001968
 **      0.000714   -0.024482    0.000919    0.013721
 **      0.577398   -0.032307   -0.469983   -0.011031
 **     -0.002459   -0.038486   -0.009102    0.165523
 **     -0.042766   -0.034104    0.038573    0.020518
 **     -0.010238    0.013676   -0.010571   -0.113764
 **      0.289097    0.012358    0.282666    0.044203
 **      0.023404   -0.096022    0.026324   -0.359061
 **      0.208152   -0.004539    0.214009   -0.013677
 **      0.170021   -0.007002    0.164332   -0.025631
 **      0.014523    0.053228    0.013143    0.198340
 **      0.004609    0.004095   -0.002942    0.000477
 **     -0.043052    0.006848    0.033861    0.001178
 **      0.045820   -0.098461    0.044638    0.081102
 **      0.003731   -0.006980    0.002920    0.005759
 **     -0.025208    0.053806   -0.024659   -0.044596
 **     -0.011180    0.001747    0.009585   -0.000806
 **     -0.018447    0.002209    0.016470   -0.000730
 **     -0.116589   -0.100118   -0.118239    0.053237
 **     -0.006683   -0.006427   -0.009430    0.003668
 **      0.065875    0.055017    0.063513   -0.029254
 **     -0.011079    0.002445    0.009446    0.000345
 **     -0.018734    0.003945    0.015733    0.000456
 **      0.116311   -0.100211    0.120218    0.053334
 **      0.009598   -0.006476    0.007291    0.003680
 **     -0.065832    0.055010   -0.064539   -0.029305
 **      0.002428    0.002556   -0.005226   -0.001450
 **     -0.045478    0.005647    0.031426    0.000485
 **     -0.046009   -0.098270   -0.044819    0.081009
 **     -0.002830   -0.006978   -0.003475    0.005620
 **      0.025215    0.054241    0.024737   -0.044536
 **      0.001549    0.000093   -0.001279   -0.000082
 **      0.084610    0.000234   -0.068961   -0.003125
 **     -0.002998    0.006046    0.001694    0.169766
 **      0.043406    0.000078   -0.035819    0.010546
 **      0.000126   -0.003361    0.000559   -0.093505
 **     -0.216031   -0.004626    0.173899    0.010752
 **      0.017209   -0.023292   -0.009377   -0.475533
 **     -0.227144   -0.008882    0.189857   -0.025031
 **      0.002240    0.016449    0.001254    0.268093
 **      0.081329   -0.021616    0.101152   -0.045878
 **      0.005500    0.179627    0.005299    0.377185
 **      0.075673    0.006861    0.061179    0.014543
 **      0.063191    0.012059    0.045971    0.026286
 **      0.005522   -0.099398    0.006614   -0.208667
 **     -0.000357   -0.000107    0.000361    0.000021
 **      0.013298    0.003067   -0.012909   -0.000683
 **      0.002464   -0.002152   -0.005556   -0.047978
 **     -0.005629   -0.000191    0.003977   -0.003131
 **      0.009532    0.001781   -0.004687    0.026696
 **     -0.032259   -0.004877    0.032821    0.003507
 **      0.025578    0.044043    0.061954    0.264668
 **      0.045347    0.003001   -0.030020    0.017485
 **     -0.058667   -0.026722    0.002884   -0.144473
 **     -0.029795   -0.053357   -0.020263   -0.118430
 **     -0.038795    0.022238   -0.035431    0.032689
 **     -0.012638   -0.036328   -0.030255   -0.082212
 **     -0.023946   -0.027883   -0.015192   -0.062957
 **      0.015116   -0.016624    0.019712   -0.028789
 **     -0.000344   -0.000074    0.000375    0.000001
 **      0.013143    0.002874   -0.013062    0.000030
 **     -0.001190   -0.002371    0.005952   -0.047760
 **     -0.005330   -0.000596    0.005298   -0.003119
 **     -0.008486    0.001326    0.005551    0.027198
 **     -0.034098   -0.007374    0.030609   -0.002100
 **     -0.032070    0.046236   -0.061120    0.263838
 **      0.039954    0.003011   -0.040042    0.016389
 **      0.057619   -0.022859   -0.002023   -0.146327
 **     -0.038735    0.047828   -0.030573    0.108617
 **      0.033401    0.030029    0.030239    0.050894
 **     -0.010474    0.037802   -0.028964    0.084591
 **     -0.018638    0.030948   -0.011568    0.069357
 **     -0.016733   -0.012101   -0.023422   -0.017390
 **     -0.001158    0.000262    0.000929    0.000008
 **      0.055279    0.007831   -0.048570   -0.001110
 **      0.000318   -0.065272    0.000109    0.072406
 **     -0.004698   -0.003443    0.004092    0.005081
 **      0.000078    0.035720   -0.000052   -0.039814
 **     -0.109719   -0.055745    0.111437    0.003059
 **      0.004304    0.099378   -0.007889   -0.271641
 **     -0.060400    0.018239    0.062780   -0.020032
 **     -0.000065   -0.055269    0.002082    0.146300
 **     -0.265296    0.021389   -0.273456    0.012792
 **     -0.020753   -0.159242   -0.027429   -0.107471
 **     -0.196456   -0.009078   -0.201694   -0.004057
 **     -0.164646   -0.010697   -0.151675   -0.007556
 **     -0.013609    0.088021   -0.011327    0.059149
 **      0.000479    0.000066   -0.000364   -0.000018
 **     -0.052131   -0.002865    0.044112    0.000872
 **     -0.000427    0.097344    0.002763    0.050240
 **      0.006033    0.007664   -0.003906    0.003224
 **     -0.000083   -0.053581   -0.001500   -0.027252
 **      0.178906    0.009620   -0.165387   -0.001486
 **      0.006147   -0.073817   -0.004834    0.092010
 **     -0.088029   -0.011356    0.079927    0.007399
 **      0.000111    0.040802   -0.000300   -0.050261
 **     -0.150650   -0.012810   -0.150102   -0.012864
 **     -0.012435    0.108927   -0.007868    0.105509
 **     -0.106612    0.002270   -0.113975    0.004034
 **     -0.084266    0.009494   -0.090134    0.007257
 **     -0.007456   -0.060442   -0.010227   -0.057949
***** Select 101 *****
Trace of 100/174 orbital
Trace of 101/174 orbital
Trace of 102/174 orbital
Trace of 103/174 orbital
***    step= 12  prev= 100  n= 103 [104, 2.204108543373998] [101, 2.3105656892240005] [99, 2.9641027880649995] 1.11674
 ==> Selected Orbitals  1.11674 [99, 100, 101, 102, 103, 104, 105] [1.08602, 1.11711, 1.11837, 1.11868, 1.1528, 1.15826, 1.16108]
 ** PE   1.110360    1.111940    1.113530
 ** E  (  1.115140 ->   1.116740)    1.158260    1.118370    1.086020
 **      0.001862   -0.000279   -0.001472    0.000100
 **      0.047047   -0.004345   -0.040123    0.001464
 **      0.022479   -0.053979    0.011919    0.068155
 **      0.018273   -0.005137   -0.012473    0.004648
 **      0.001444    0.029618   -0.018810   -0.037993
 **     -0.126242    0.017159    0.096260   -0.015332
 **     -0.002818    0.032621    0.114280   -0.079162
 **      0.040251    0.016291   -0.014267   -0.001538
 **     -0.150534    0.001659    0.053088    0.038000
 **     -0.164327    0.000302   -0.159896   -0.147289
 **      0.160178    0.313767    0.158568   -0.114683
 **     -0.099902    0.038469   -0.095400   -0.121607
 **     -0.069305    0.042656   -0.071141   -0.100178
 **     -0.100480   -0.169712   -0.101956    0.048167
 **      0.000532   -0.000188   -0.000368   -0.000066
 **      0.006143   -0.002852   -0.004015   -0.001727
 **     -0.046869   -0.035781   -0.046059    0.021470
 **     -0.015214   -0.001390    0.007210    0.001621
 **      0.022603    0.020646    0.026771   -0.011861
 **     -0.098376    0.008895    0.069036    0.012123
 **     -0.083323   -0.005661   -0.036998   -0.051511
 **      0.066864   -0.001264   -0.058462    0.000146
 **     -0.005398    0.014883    0.065113    0.032485
 **      0.161404    0.065109    0.158543   -0.110408
 **     -0.090499   -0.315825   -0.086808    0.076712
 **      0.099960    0.005552    0.110249   -0.070634
 **      0.082556   -0.008488    0.076057   -0.052412
 **      0.059689    0.176909    0.065095   -0.051684
 **     -0.002159    0.000407    0.001996    0.000018
 **     -0.053962    0.011899    0.045066    0.000228
 **     -0.001819   -0.033221   -0.001497   -0.112991
 **      0.024696   -0.003461   -0.018133   -0.008467
 **     -0.000220    0.017908    0.001464    0.060689
 **      0.132093   -0.002675   -0.110071   -0.002678
 **      0.014281    0.014335   -0.006607    0.299525
 **     -0.205566    0.046839    0.162033    0.022431
 **      0.000036   -0.007133   -0.004669   -0.148735
 **     -0.200104   -0.016052   -0.209264   -0.017513
 **     -0.016354    0.132014   -0.011102    0.141898
 **     -0.159837    0.004121   -0.143763    0.005588
 **     -0.113930    0.010643   -0.123302    0.009772
 **     -0.011130   -0.073139   -0.013142   -0.078328
 **      0.000476   -0.000196   -0.000436    0.000072
 **      0.005810   -0.002796   -0.004458    0.001466
 **      0.048261   -0.036483    0.046776    0.021497
 **     -0.008989   -0.001550    0.013165    0.001520
 **     -0.022975    0.019478   -0.028614   -0.011884
 **     -0.089628    0.010010    0.079717   -0.004635
 **      0.073526   -0.016230    0.039315   -0.050207
 **      0.074763   -0.006441   -0.054270   -0.010837
 **      0.005336   -0.004925   -0.062360    0.033176
 **      0.136546    0.014596    0.138958    0.089726
 **      0.113641   -0.320002    0.112487    0.092764
 **      0.107090   -0.031678    0.121441    0.077443
 **      0.097054   -0.038135    0.092869    0.064472
 **     -0.045435    0.174182   -0.050197   -0.041519
 **      0.001817   -0.000313   -0.001527   -0.000087
 **      0.047652   -0.003577   -0.039440   -0.001712
 **     -0.025515   -0.054165   -0.011943    0.068574
 **      0.015311   -0.005395   -0.013748    0.004664
 **     -0.002450    0.029234    0.018318   -0.037175
 **     -0.116299    0.022410    0.108008    0.010492
 **     -0.002393    0.016278   -0.108049   -0.079151
 **      0.026580    0.007807   -0.043548   -0.016321
 **      0.149826   -0.029307   -0.055325    0.036412
 **     -0.122520   -0.074093   -0.119765    0.171717
 **     -0.183049    0.308102   -0.181442   -0.088948
 **     -0.113133   -0.016091   -0.109869    0.113503
 **     -0.093289   -0.000453   -0.095624    0.085935
 **      0.086006   -0.173157    0.088743    0.064757
 **     -0.005073    0.000287    0.004139    0.000077
 **     -0.085924    0.006745    0.071284    0.001070
 **      0.000659    0.045658   -0.000134   -0.021796
 **     -0.003441    0.004929    0.003458   -0.001968
 **      0.000714   -0.024482    0.000919    0.013721
 **      0.577398   -0.032307   -0.469983   -0.011031
 **     -0.002459   -0.038486   -0.009102    0.165523
 **     -0.042766   -0.034104    0.038573    0.020518
 **     -0.010238    0.013676   -0.010571   -0.113764
 **      0.289097    0.012358    0.282666    0.044203
 **      0.023404   -0.096022    0.026324   -0.359061
 **      0.208152   -0.004539    0.214009   -0.013677
 **      0.170021   -0.007002    0.164332   -0.025631
 **      0.014523    0.053228    0.013143    0.198340
 **      0.004609    0.004095   -0.002942    0.000477
 **     -0.043052    0.006848    0.033861    0.001178
 **      0.045820   -0.098461    0.044638    0.081102
 **      0.003731   -0.006980    0.002920    0.005759
 **     -0.025208    0.053806   -0.024659   -0.044596
 **     -0.011180    0.001747    0.009585   -0.000806
 **     -0.018447    0.002209    0.016470   -0.000730
 **     -0.116589   -0.100118   -0.118239    0.053237
 **     -0.006683   -0.006427   -0.009430    0.003668
 **      0.065875    0.055017    0.063513   -0.029254
 **     -0.011079    0.002445    0.009446    0.000345
 **     -0.018734    0.003945    0.015733    0.000456
 **      0.116311   -0.100211    0.120218    0.053334
 **      0.009598   -0.006476    0.007291    0.003680
 **     -0.065832    0.055010   -0.064539   -0.029305
 **      0.002428    0.002556   -0.005226   -0.001450
 **     -0.045478    0.005647    0.031426    0.000485
 **     -0.046009   -0.098270   -0.044819    0.081009
 **     -0.002830   -0.006978   -0.003475    0.005620
 **      0.025215    0.054241    0.024737   -0.044536
 **      0.001549    0.000093   -0.001279   -0.000082
 **      0.084610    0.000234   -0.068961   -0.003125
 **     -0.002998    0.006046    0.001694    0.169766
 **      0.043406    0.000078   -0.035819    0.010546
 **      0.000126   -0.003361    0.000559   -0.093505
 **     -0.216031   -0.004626    0.173899    0.010752
 **      0.017209   -0.023292   -0.009377   -0.475533
 **     -0.227144   -0.008882    0.189857   -0.025031
 **      0.002240    0.016449    0.001254    0.268093
 **      0.081329   -0.021616    0.101152   -0.045878
 **      0.005500    0.179627    0.005299    0.377185
 **      0.075673    0.006861    0.061179    0.014543
 **      0.063191    0.012059    0.045971    0.026286
 **      0.005522   -0.099398    0.006614   -0.208667
 **     -0.000357   -0.000107    0.000361    0.000021
 **      0.013298    0.003067   -0.012909   -0.000683
 **      0.002464   -0.002152   -0.005556   -0.047978
 **     -0.005629   -0.000191    0.003977   -0.003131
 **      0.009532    0.001781   -0.004687    0.026696
 **     -0.032259   -0.004877    0.032821    0.003507
 **      0.025578    0.044043    0.061954    0.264668
 **      0.045347    0.003001   -0.030020    0.017485
 **     -0.058667   -0.026722    0.002884   -0.144473
 **     -0.029795   -0.053357   -0.020263   -0.118430
 **     -0.038795    0.022238   -0.035431    0.032689
 **     -0.012638   -0.036328   -0.030255   -0.082212
 **     -0.023946   -0.027883   -0.015192   -0.062957
 **      0.015116   -0.016624    0.019712   -0.028789
 **     -0.000344   -0.000074    0.000375    0.000001
 **      0.013143    0.002874   -0.013062    0.000030
 **     -0.001190   -0.002371    0.005952   -0.047760
 **     -0.005330   -0.000596    0.005298   -0.003119
 **     -0.008486    0.001326    0.005551    0.027198
 **     -0.034098   -0.007374    0.030609   -0.002100
 **     -0.032070    0.046236   -0.061120    0.263838
 **      0.039954    0.003011   -0.040042    0.016389
 **      0.057619   -0.022859   -0.002023   -0.146327
 **     -0.038735    0.047828   -0.030573    0.108617
 **      0.033401    0.030029    0.030239    0.050894
 **     -0.010474    0.037802   -0.028964    0.084591
 **     -0.018638    0.030948   -0.011568    0.069357
 **     -0.016733   -0.012101   -0.023422   -0.017390
 **     -0.001158    0.000262    0.000929    0.000008
 **      0.055279    0.007831   -0.048570   -0.001110
 **      0.000318   -0.065272    0.000109    0.072406
 **     -0.004698   -0.003443    0.004092    0.005081
 **      0.000078    0.035720   -0.000052   -0.039814
 **     -0.109719   -0.055745    0.111437    0.003059
 **      0.004304    0.099378   -0.007889   -0.271641
 **     -0.060400    0.018239    0.062780   -0.020032
 **     -0.000065   -0.055269    0.002082    0.146300
 **     -0.265296    0.021389   -0.273456    0.012792
 **     -0.020753   -0.159242   -0.027429   -0.107471
 **     -0.196456   -0.009078   -0.201694   -0.004057
 **     -0.164646   -0.010697   -0.151675   -0.007556
 **     -0.013609    0.088021   -0.011327    0.059149
 **      0.000479    0.000066   -0.000364   -0.000018
 **     -0.052131   -0.002865    0.044112    0.000872
 **     -0.000427    0.097344    0.002763    0.050240
 **      0.006033    0.007664   -0.003906    0.003224
 **     -0.000083   -0.053581   -0.001500   -0.027252
 **      0.178906    0.009620   -0.165387   -0.001486
 **      0.006147   -0.073817   -0.004834    0.092010
 **     -0.088029   -0.011356    0.079927    0.007399
 **      0.000111    0.040802   -0.000300   -0.050261
 **     -0.150650   -0.012810   -0.150102   -0.012864
 **     -0.012435    0.108927   -0.007868    0.105509
 **     -0.106612    0.002270   -0.113975    0.004034
 **     -0.084266    0.009494   -0.090134    0.007257
 **     -0.007456   -0.060442   -0.010227   -0.057949
***** Select 101 *****
Trace of 104/174 orbital
Trace of 105/174 orbital
Trace of 106/174 orbital
Trace of 107/174 orbital
Trace of 108/174 orbital
Trace of 109/174 orbital
Trace of 110/174 orbital
Trace of 111/174 orbital
Trace of 112/174 orbital
Trace of 113/174 orbital
Trace of 114/174 orbital
Trace of 115/174 orbital
Trace of 116/174 orbital
Trace of 117/174 orbital
Trace of 118/174 orbital
Trace of 119/174 orbital
Trace of 120/174 orbital
Trace of 121/174 orbital
Trace of 122/174 orbital
Trace of 123/174 orbital
Trace of 124/174 orbital
Trace of 125/174 orbital
Trace of 126/174 orbital
***    step= 37  prev= 125  n= 126 [121, 5.361183759033] [120, 113.773670966649] [0, 10000000000.0] 1.67652
 ==> Selected Orbitals  1.67652 [120, 121, 122, 123, 124, 125, 126, 127] [1.64085, 1.65794, 1.66851, 1.67308, 1.67384, 1.676, 1.71711, 1.7213]
 ** PE   1.684050    1.682250    1.680010
 ** E  (  1.678410 ->   1.676520)    1.657940    1.640850  -19.328980
 **      0.008307   -0.000063   -0.028647   -0.000026
 **      0.032216    0.001306   -0.098782   -0.000266
 **      0.006784    0.024796    0.039893    0.000055
 **     -0.039629    0.002614   -0.073694    0.000018
 **      0.007464   -0.013386    0.063771    0.000102
 **     -0.558423    0.007379    3.973841    0.009343
 **      0.050034    0.003322    0.904249    0.003322
 **      0.351461   -0.004153   -1.083744   -0.005397
 **      0.136122    0.001275    1.506880    0.005353
 **      0.121685    0.004792    0.057205    0.000008
 **     -0.133935    0.034285    0.016781   -0.000077
 **     -0.056680    0.008126   -0.021663    0.000012
 **     -0.094204    0.007490   -0.074392   -0.000005
 **     -0.285683   -0.018007    0.007993   -0.000141
 **     -0.003591    0.000060    0.017389    0.000006
 **      0.320281   -0.001064    0.208799    0.000004
 **      0.082545   -0.010107   -0.010654    0.000017
 **     -0.013757   -0.000746   -0.094594    0.000064
 **      0.148402    0.004452   -0.031636    0.000040
 **     -0.537483   -0.001719   -1.744488   -0.000599
 **     -0.008987   -0.021221   -0.561648   -0.001311
 **     -0.100318   -0.001959   -0.196991   -0.002693
 **     -0.027797    0.011053   -1.047894   -0.002725
 **      0.093678   -0.018700   -0.017717   -0.000007
 **      0.184622    0.030913    0.001011   -0.000005
 **     -0.221207   -0.008930    0.090542   -0.000005
 **      0.065850   -0.007730   -0.084008    0.000020
 **      0.307339   -0.018461    0.002427   -0.000006
 **      0.000006    0.000004    0.000069   -0.000000
 **     -0.000036   -0.000038    0.000519   -0.000009
 **      0.120150    0.000429    0.066134    0.000021
 **      0.008454    0.000053    0.004544    0.000002
 **      0.219434    0.000854    0.120895    0.000039
 **     -0.000082   -0.000360   -0.008868    0.000023
 **     -0.122845   -0.002627   -1.017890   -0.002030
 **     -0.010374   -0.000993   -0.066596   -0.000155
 **     -0.225487   -0.004984   -1.859446   -0.003713
 **      0.009864   -0.029702   -0.009581   -0.000004
 **     -0.082002   -0.001251    0.079978    0.000038
 **      0.010213   -0.022058   -0.009881   -0.000003
 **     -0.006238   -0.017376    0.005720   -0.000000
 **     -0.148325    0.000228    0.145954    0.000069
 **      0.003588   -0.000054   -0.017522   -0.000013
 **     -0.320063    0.001334   -0.210765   -0.000054
 **      0.079906    0.009234   -0.023680    0.000026
 **      0.025063    0.000619    0.092232   -0.000056
 **      0.148513   -0.006142   -0.031425    0.000041
 **      0.537215    0.000884    1.761508    0.000948
 **     -0.021718    0.020426   -0.588726   -0.001625
 **      0.098235    0.002463    0.109988    0.002235
 **     -0.027217   -0.011910   -1.055751   -0.002670
 **     -0.136038   -0.011129    0.018435   -0.000005
 **      0.164082   -0.033081   -0.005672   -0.000005
 **      0.176142   -0.013143   -0.089677    0.000013
 **     -0.041182   -0.009897    0.083811   -0.000006
 **      0.335046    0.016651   -0.011010   -0.000009
 **     -0.008289    0.000058    0.028762    0.000022
 **     -0.032005   -0.001031    0.100115    0.000213
 **      0.001211   -0.024630    0.029430    0.000057
 **      0.040299   -0.002527    0.078519    0.000027
 **      0.007380    0.013750    0.063565    0.000108
 **      0.558596   -0.007014   -3.990609   -0.009240
 **      0.097805    0.000004    0.749755    0.002391
 **     -0.342329    0.004563    1.193456    0.005429
 **      0.135994    0.003100    1.513705    0.005037
 **     -0.084213    0.012746   -0.059076    0.000010
 **     -0.171162   -0.033035   -0.007031   -0.000076
 **      0.095809    0.004760    0.019921    0.000031
 **      0.072657    0.002547    0.074863   -0.000033
 **     -0.275095    0.018747    0.010883   -0.000142
 **      0.000010   -0.000012   -0.000035    0.000004
 **      0.000417    0.000135   -0.000909    0.000008
 **      0.163593   -0.000082   -0.131825   -0.000055
 **      0.011554   -0.000027   -0.009465    0.000021
 **      0.298504   -0.000108   -0.240740   -0.000097
 **     -0.001630    0.000270    0.006028   -0.000260
 **     -0.400533    0.006357    2.677544    0.008745
 **     -0.028059   -0.000027    0.195844    0.000307
 **     -0.733043    0.013054    4.894500    0.015945
 **      0.010362    0.030824   -0.004049    0.000031
 **     -0.083013    0.002375    0.031462   -0.000273
 **      0.010780    0.022684   -0.004249    0.000039
 **     -0.005620    0.018243    0.001686   -0.000020
 **     -0.154388    0.001393    0.056901   -0.000501
 **      0.332810   -0.001139   -0.131306   -0.000278
 **      0.056991    0.000471    0.103323    0.000933
 **     -0.058491   -0.028780    0.003243   -0.000018
 **      0.018214   -0.002198   -0.016486    0.000210
 **     -0.104615    0.015951    0.002596   -0.000005
 **      0.400901   -0.000689   -0.123902   -0.000124
 **     -0.094876    0.000488   -0.130113   -0.000353
 **     -0.070729    0.029115    0.001069    0.000025
 **      0.031099    0.001317   -0.065358    0.000092
 **     -0.125466   -0.016080   -0.004944    0.000057
 **     -0.401007    0.000678    0.124906    0.000111
 **      0.094590   -0.000450    0.132657    0.000371
 **     -0.065894   -0.029129   -0.007220    0.000034
 **     -0.040844   -0.001550    0.064944   -0.000079
 **     -0.125194    0.015988   -0.005156    0.000051
 **     -0.332991    0.000787    0.130983    0.000247
 **     -0.056799   -0.000343   -0.105797   -0.000842
 **     -0.055321    0.028559    0.000312    0.000016
 **     -0.026318    0.002160    0.016733   -0.000186
 **     -0.104809   -0.015722    0.002913    0.000007
 **      0.000009    0.000024   -0.000064    0.000012
 **      0.000003    0.000239   -0.001050   -0.000019
 **      0.016828    0.000615    0.159113    0.000177
 **      0.001149   -0.000131    0.011127    0.000040
 **      0.031018    0.001175    0.290754    0.000327
 **      0.000222   -0.001792    0.005832    0.000980
 **     -0.109117   -0.009543   -1.793007   -0.011352
 **     -0.007218   -0.000360   -0.124134   -0.001414
 **     -0.199119   -0.018413   -3.278513   -0.020842
 **     -0.002206    0.006504    0.013337    0.000033
 **      0.018802    0.001447   -0.109006   -0.000269
 **     -0.002635    0.004701    0.014012   -0.000006
 **      0.001309    0.003866   -0.007879    0.000032
 **      0.035211    0.001273   -0.200176   -0.000490
 **      0.000485   -0.000033   -0.017102    0.753648
 **      0.083550    0.004463    0.739570    0.023334
 **      0.015243    0.038051    0.104942    0.000675
 **     -0.036153    0.002566   -0.056974    0.000908
 **      0.023279   -0.020620    0.184158    0.001346
 **     -0.279939   -0.016560   -2.679000   -0.024535
 **     -0.060500   -0.051283   -0.412013   -0.003180
 **     -0.033862   -0.007482   -0.485569   -0.006015
 **     -0.114739    0.022460   -0.813484   -0.006566
 **     -0.029588   -0.380961   -0.194849    0.000354
 **      0.019467    0.445337    0.042868   -0.000362
 **     -0.021862   -0.222313    0.013596   -0.000249
 **      0.070984   -0.155996    0.298655   -0.000172
 **      0.046431   -0.274923    0.163673   -0.000775
 **     -0.000502    0.000041    0.017096   -0.650008
 **     -0.083280   -0.004938   -0.739143   -0.020270
 **      0.009973   -0.037583    0.096133    0.000694
 **      0.038114   -0.002468    0.071007   -0.000682
 **      0.023257    0.021024    0.184079    0.001175
 **      0.279867    0.018172    2.677271    0.022313
 **     -0.064736    0.045553   -0.476324   -0.003588
 **      0.024700    0.007157    0.422609    0.005306
 **     -0.114885   -0.032069   -0.812392   -0.005844
 **      0.022923   -0.267244    0.174179   -0.000256
 **      0.035439   -0.496263    0.132689   -0.000464
 **      0.014904   -0.257170   -0.034335    0.000289
 **     -0.067420   -0.221773   -0.284810    0.000205
 **      0.049000    0.244621    0.159133   -0.000735
 **     -0.000001    0.000001    0.000008   -0.000001
 **     -0.000278   -0.000064    0.000082   -0.000011
 **      0.024058   -0.000178   -0.015830    0.000013
 **      0.001756    0.000013   -0.001115    0.000007
 **      0.043774   -0.000286   -0.028755    0.000025
 **      0.000217   -0.000215   -0.001179   -0.000005
 **     -0.029429    0.000613    0.207269    0.000117
 **     -0.004081   -0.001078    0.014885   -0.000050
 **     -0.054832    0.001076    0.379047    0.000206
 **     -0.001898   -0.033716    0.008506    0.000003
 **      0.013117   -0.002956   -0.069628   -0.000035
 **     -0.001674   -0.024576    0.008859    0.000006
 **      0.000573   -0.019793   -0.004967   -0.000004
 **      0.024154   -0.002158   -0.127899   -0.000064
 **     -0.000002   -0.000002   -0.000001   -0.000000
 **      0.000165    0.000057    0.000022   -0.000001
 **     -0.003612    0.000038    0.025842    0.000007
 **     -0.000456   -0.000109    0.001777   -0.000001
 **     -0.006825    0.000082    0.047289    0.000012
 **      0.001434    0.000969    0.000111    0.000049
 **      0.008248   -0.000070   -0.080106   -0.000030
 **      0.000117   -0.000350   -0.005702   -0.000021
 **      0.015687   -0.000252   -0.146626   -0.000057
 **     -0.001791    0.038131   -0.006008    0.000000
 **      0.018156    0.002840    0.049023   -0.000003
 **     -0.002258    0.027753   -0.006204    0.000000
 **      0.001511    0.022194    0.003476    0.000001
 **      0.032063    0.001640    0.090622   -0.000005
***** Select 121 *****
Trace of 127/174 orbital
Trace of 128/174 orbital
Trace of 129/174 orbital
Trace of 130/174 orbital
Trace of 131/174 orbital
Trace of 132/174 orbital
Trace of 133/174 orbital
Trace of 134/174 orbital
Trace of 135/174 orbital
Trace of 136/174 orbital
Trace of 137/174 orbital
Trace of 138/174 orbital
Trace of 139/174 orbital
Trace of 140/174 orbital
Trace of 141/174 orbital
Trace of 142/174 orbital
Trace of 143/174 orbital
Trace of 144/174 orbital
Trace of 145/174 orbital
Trace of 146/174 orbital
Trace of 147/174 orbital
Trace of 148/174 orbital
Trace of 149/174 orbital
Trace of 150/174 orbital
***    step= 18  prev= 149  n= 150 [153, 36.366936753279994] [150, 53.77648265188302] [149, 188.776590239266] 2.35951
 ==> Selected Orbitals  2.35951 [149, 150, 151, 152, 153] [2.3581, 2.35829, 2.38699, 2.39374, 2.40443]
 ** PE   2.366310    2.364310    2.362520
 ** E  (  2.360930 ->   2.359510)    2.404430    2.358290    2.358100
 **      0.018376    0.013033   -0.001817   -0.040197
 **      0.169824   -0.104635   -0.043836   -0.428548
 **     -0.056052   -0.059332   -0.040243    0.040450
 **      0.208709    0.011636    0.255498    0.027154
 **     -0.076183   -0.106956   -0.041489    0.077194
 **     -1.895910   -0.329751    0.670912    5.076918
 **     -1.361376   -0.804144   -0.830231    1.257436
 **      3.179484    1.677956    3.920958    0.579801
 **     -2.067840   -1.246109   -1.008023    2.358866
 **      0.019860   -0.037627   -0.035159   -0.104033
 **      0.080325    0.072463    0.094358    0.005432
 **     -0.179361   -0.232503   -0.152378    0.086174
 **      0.169748    0.337035    0.225635    0.067345
 **      0.151055    0.154076    0.199402    0.050319
 **      0.005392   -0.014148    0.034765    0.049162
 **      0.053993   -0.245601    0.325820    0.457372
 **      0.014117   -0.003356   -0.031073   -0.082561
 **      0.118940    0.102218    0.163705    0.053728
 **      0.041107    0.007453   -0.035585   -0.143738
 **     -0.759884    1.259509   -3.413207   -4.473448
 **      0.573836    0.652261   -0.180827   -1.458317
 **      2.294488    2.137762    3.045150    0.870477
 **      1.331263    1.454395    0.053421   -2.541901
 **      0.093749   -0.076924    0.168383    0.100027
 **      0.136557    0.010891    0.145162   -0.019710
 **      0.104337    0.024756   -0.039346   -0.277364
 **     -0.331070    0.093098   -0.279969    0.183972
 **      0.193183    0.038369    0.190556   -0.050965
 **      0.001329   -0.000043   -0.038074   -0.070535
 **      0.010922   -0.000666   -0.350933   -0.648175
 **      0.135504   -0.034367    0.122256   -0.053881
 **      0.011168   -0.002615   -0.066291   -0.141358
 **      0.247662   -0.063184    0.213766   -0.115835
 **     -0.055888    0.001287    1.646430    3.057130
 **      1.040943    1.694511    1.019625   -0.217148
 **      0.134796    0.114678   -1.961161   -3.768645
 **      1.914039    3.099633    1.608809   -0.874634
 **      0.014090    0.010415   -0.097548   -0.201074
 **     -0.087095   -0.067011   -0.093569    0.000031
 **      0.008383    0.010191    0.057631    0.086993
 **     -0.010685   -0.003448    0.113527    0.223059
 **     -0.161609   -0.123527   -0.129585    0.078644
 **     -0.007166    0.014213    0.022075    0.056033
 **     -0.070270    0.246192    0.204384    0.522624
 **      0.028231    0.011135    0.057526    0.047353
 **     -0.118983   -0.101327   -0.036155    0.174898
 **      0.036712    0.007463    0.100527    0.108255
 **      0.922160   -1.266411   -1.875013   -5.305296
 **      0.855086    0.944503    1.238699    0.517594
 **     -2.257947   -2.022625   -0.765953    3.134969
 **      1.265571    1.459473    2.153452    1.341298
 **     -0.125231    0.070218   -0.027756    0.215287
 **      0.063402    0.031399    0.047582   -0.041468
 **     -0.124013   -0.031660   -0.229878   -0.163823
 **      0.343826   -0.090889    0.316527   -0.144875
 **      0.178227    0.039867    0.115277   -0.155979
 **     -0.017348   -0.013109   -0.032632   -0.023491
 **     -0.158549    0.104244   -0.334668   -0.271085
 **     -0.025568   -0.057380   -0.039110   -0.020119
 **     -0.219013   -0.019946   -0.123876    0.228909
 **     -0.074714   -0.107065   -0.087189   -0.007298
 **      1.758303    0.337177    3.880942    3.337810
 **     -0.872955   -0.563254   -1.257735   -0.493159
 **     -3.401881   -1.772019   -1.849260    3.572891
 **     -2.017725   -1.249107   -2.520404   -0.443962
 **     -0.037606    0.016305   -0.076999   -0.060819
 **      0.098805    0.114725    0.038393   -0.131056
 **      0.156755    0.209667    0.145303   -0.053039
 **     -0.159877   -0.322299   -0.059191    0.210931
 **      0.178159    0.190775    0.087723   -0.203871
 **     -0.000035    0.000064    0.001504    0.002744
 **     -0.004849    0.000579    0.167073    0.308617
 **     -0.073938   -0.158746   -0.063383    0.033304
 **     -0.005113   -0.011062    0.002758    0.015207
 **     -0.134736   -0.289878   -0.114626    0.062262
 **      0.037097   -0.004504   -1.173900   -2.172081
 **     -2.594273   -1.174905   -2.153758    1.404082
 **     -0.137374   -0.084048   -1.558775   -2.507190
 **     -4.738617   -2.149153   -4.118438    2.234988
 **      0.021287    0.018362   -0.009749   -0.060071
 **     -0.160440   -0.166221   -0.141035    0.069517
 **      0.019898    0.019578    0.061087    0.069485
 **     -0.011195   -0.013037   -0.013750   -0.002403
 **     -0.296635   -0.306205   -0.252048    0.144065
 **      0.091561    0.010631    0.126413    0.036912
 **     -0.006716   -0.142392    0.316577    0.565967
 **      0.188455   -0.032042    0.198929   -0.033141
 **     -0.441547    0.098246   -0.369111    0.246645
 **      0.284455   -0.054829    0.312649   -0.028641
 **      0.089203   -0.006515    0.061218   -0.074389
 **      0.060720    0.014742   -0.414273   -0.860594
 **     -0.015864   -0.095881   -0.083384   -0.121653
 **     -0.036010   -0.477068   -0.032197   -0.014842
 **     -0.030538   -0.225709   -0.152844   -0.223683
 **     -0.087880    0.006216   -0.095642    0.010565
 **     -0.033260   -0.016432   -0.494006   -0.817594
 **     -0.022507   -0.154188    0.057298    0.139247
 **      0.032643    0.459463    0.012017   -0.016366
 **     -0.038729   -0.229183    0.103306    0.250772
 **     -0.094698   -0.010615   -0.038486    0.126287
 **     -0.013242    0.143128    0.299272    0.574893
 **      0.125879   -0.025664    0.076975   -0.122729
 **      0.462448   -0.101904    0.422902   -0.193631
 **      0.289020   -0.050380    0.195773   -0.246672
 **     -0.000314   -0.000006    0.009020    0.016747
 **     -0.005753   -0.000375    0.161036    0.299315
 **      0.009436   -0.010966    0.008510   -0.004391
 **      0.000807   -0.000653   -0.000480   -0.002437
 **      0.017447   -0.019921    0.015574   -0.008364
 **      0.028118   -0.000122   -0.875208   -1.621302
 **      0.665887    0.264438    0.596608   -0.282801
 **      0.055532    0.019118   -0.199300   -0.468127
 **      1.219204    0.483894    1.060411   -0.574981
 **     -0.007497   -0.034139    0.053044    0.109022
 **      0.048175    0.261287    0.050142   -0.000025
 **     -0.004804   -0.035250   -0.034677   -0.053279
 **      0.005740    0.017319   -0.057058   -0.113036
 **      0.087729    0.479007    0.067561   -0.042451
 **      0.000271    0.012413   -0.000493   -0.001021
 **     -0.201076   -0.293313   -0.198598    0.045084
 **      0.001525   -0.053099    0.009741    0.012713
 **     -0.029814   -0.117353   -0.031992   -0.000598
 **     -0.000887   -0.111398    0.013712    0.022921
 **      0.872290    0.457011    0.889081   -0.173739
 **      0.076837    0.001911    0.079929   -0.013766
 **      0.248296    0.277434    0.269853   -0.014358
 **      0.170177    0.040187    0.178310   -0.027252
 **     -0.040715   -0.103275   -0.043271    0.002335
 **     -0.000006    0.021417   -0.021874   -0.038118
 **      0.015752   -0.077229    0.023712    0.007783
 **      0.050627    0.260410    0.052465   -0.000884
 **      0.015723    0.092039   -0.023149   -0.070125
 **     -0.000241   -0.012427   -0.000572   -0.000948
 **      0.201895    0.293094    0.145602   -0.141830
 **     -0.002235   -0.068942   -0.007544   -0.011088
 **      0.030124    0.108842    0.015894   -0.029103
 **     -0.000082   -0.111390   -0.011534   -0.023849
 **     -0.878625   -0.456241   -0.630430    0.649892
 **      0.111635    0.041860    0.076786   -0.089236
 **     -0.238121   -0.274343   -0.149968    0.208061
 **      0.171543    0.038902    0.120114   -0.134363
 **      0.039804    0.088017    0.019751   -0.043046
 **      0.015286    0.083357    0.028853    0.023325
 **     -0.017271    0.062275   -0.012426    0.015212
 **     -0.050234   -0.254542   -0.025643    0.048166
 **      0.011422    0.100248    0.044714    0.060305
 **      0.000297   -0.000041   -0.011668   -0.021425
 **      0.011490   -0.001165   -0.393572   -0.724418
 **      0.021443   -0.041772    0.029739    0.007759
 **      0.004602   -0.003662   -0.142592   -0.264027
 **      0.039734   -0.076480    0.036138   -0.019454
 **     -0.009043    0.000442    0.267882    0.496738
 **      0.090381   -0.226069    0.154666    0.074162
 **      0.033119   -0.019323   -0.944350   -1.749973
 **      0.167939   -0.414298    0.161124   -0.086608
 **     -0.027136    0.010216   -0.041786   -0.018668
 **      0.227264   -0.087778    0.196081   -0.121758
 **     -0.028270    0.010953   -0.050247   -0.031020
 **      0.014926   -0.006438    0.077120    0.107446
 **      0.418117   -0.161194    0.371110   -0.205354
 **      0.000549   -0.000066   -0.020544   -0.037751
 **      0.005168   -0.000420   -0.188703   -0.347435
 **     -0.044439    0.021305   -0.037090    0.026429
 **     -0.002000    0.001210   -0.041117   -0.068453
 **     -0.081257    0.038917   -0.072825    0.039493
 **     -0.033094    0.004081    1.193210    2.192380
 **     -0.114008    0.075207   -0.056148    0.137238
 **      0.009794    0.003140   -0.650030   -1.177606
 **     -0.206160    0.137372   -0.184545    0.100429
 **     -0.024507    0.012747   -0.222447   -0.345783
 **      0.245455   -0.108842    0.169863   -0.204396
 **     -0.031735    0.014102   -0.021130    0.027921
 **      0.008336   -0.006496    0.349000    0.604604
 **      0.449140   -0.199781    0.399571   -0.215916
***** Select 150 *****
Trace of 151/174 orbital
Trace of 152/174 orbital
Trace of 153/174 orbital
Trace of 154/174 orbital
Trace of 155/174 orbital
Trace of 156/174 orbital
Trace of 157/174 orbital
Trace of 158/174 orbital
Trace of 159/174 orbital
Trace of 160/174 orbital
Trace of 161/174 orbital
Trace of 162/174 orbital
Trace of 163/174 orbital
Trace of 164/174 orbital
Trace of 165/174 orbital
Trace of 166/174 orbital
Trace of 167/174 orbital
Trace of 168/174 orbital
Trace of 169/174 orbital
Trace of 170/174 orbital
Trace of 171/174 orbital
Trace of 172/174 orbital
Trace of 173/174 orbital
nStep = 800 
nOrb = 174

 min E[24] = -545.318581 on d=1.380601
