Load from HF-B3LYP-SVP-MTMO-d009-809-n800.pickle  complete
800 19

Basis:  ['0H-1s', '0H-2s', '0H-1pz', '0H-1px', '0H-1py', '1F-1s', '1F-2s', '1F-3s', '1F-1pz', '1F-1px', '1F-1py', '1F-2pz', '1F-2px', '1F-2py', '1F-1dz2', '1F-1dxz', '1F-1dyz', '1F-1dx2y2', '1F-1dxy']
          [0, 0, 0, 0, 0, 1, 1, 1, 1, 1, 1, 1, 1, 1, 1, 1, 1, 1, 1]
Trace of 0/19 orbital
Trace of 1/19 orbital
Trace of 2/19 orbital
Trace of 3/19 orbital
Trace of 4/19 orbital
Trace of 5/19 orbital
Trace of 6/19 orbital
Trace of 7/19 orbital
Trace of 8/19 orbital
Trace of 9/19 orbital
Trace of 10/19 orbital
Trace of 11/19 orbital
Trace of 12/19 orbital
Trace of 13/19 orbital
Trace of 14/19 orbital
Trace of 15/19 orbital
Trace of 16/19 orbital
Trace of 17/19 orbital
Trace of 18/19 orbital
LEN:  19 800 19
nStep = 800 
nOrb = 19

 min E[0] = -100.314764 on d=0.900000
