Read MO coefficients on step:   1  *** check [-4.468700][-10.484431]
 *** check [4.455119][-10.466706]
  2  *** check [-4.732928][-10.161678]
  3  *** check [-5.038365][-10.310079]
  4  *** check [5.104008][-10.070240]
  5   6   7   8   9   10   11   12   13   14   15   16   17   18   19   20   21   22  *** check [-1.055572][-11.111870]
 *** check [-0.577315][-10.226744]
 *** check [-1.100411][-10.373711]
 *** check [-1.271313][-10.897561]
 *** check [-0.903423][-11.040835]
  23  *** check [1.385512][-10.124840]
  24   25   26   27   28   29   30   31   32   33   34   35   36   37   38   39   40   41   42   43   44   45   46   47   48   49   50   51   52   53   54   55   56   57   58   59   60   61   62   63   64   65   66   67   68   69   70   71   72   73   74   75   76   77   78   79   80   81   82   83   84   85   86   87   88   89   90   91   92   93   94   95   96   97   98   99   100   101   102   103   104   105   106   107   108   109   110   111   112   113   114   115   116   117   118   119   120   121   122   123   124   125   126   127   128   129   130   131   132   133   134   135   136   137   138   139   140   141   142   143   144   145   146   147   148   149   150   151   152   153   154   155   156   157   158   159   160   161   162   163   164   165   166   167   168   169   170   171   172   173   174   175   176   177   178   179   180   181   182   183   184   185   186   187   188   189   190   191   192   193   194   195   196   197   198   199   200   201   202   203   204   205   206   207   208   209   210   211   212   213   214   215   216   217   218   219   220   221   222   223   224   225   226   227   228   229   230   231   232   233   234   235   236   237   238   239   240   241   242   243   244   245   246   247   248   249   250   251   252   253   254   255   256   257   258   259   260   261   262   263   264   265   266   267   268   269   270   271   272   273   274   275   276   277   278   279   280   281   282   283   284   285   286   287   288   289   290   291   292   293   294   295   296   297   298   299   300   301   302   303   304   305   306   307   308   309   310   311   312   313   314   315   316   317   318   319   320   321   322   323   324   325   326   327   328   329   330   331   332   333   334   335   336   337   338   339   340   341   342   343   344   345   346   347   348   349   350   351   352   353   354   355   356   357   358   359   360   361   362   363   364   365   366   367   368   369   370   371   372   373   374   375   376   377   378   379   380   381   382   383   384   385   386   387   388   389   390   391   392   393   394   395   396   397   398   399   400   401   402   403   404   405   406   407   408   409   410   411   412   413   414   415   416   417   418   419   420   421   422   423   424   425   426   427   428   429   430   431   432   433   434   435   436   437   438   439   440   441   442   443   444   445   446   447   448   449   450   451   452   453   454   455   456   457   458   459   460   461   462   463   464   465   466   467   468   469   470   471   472   473   474   475   476   477   478   479   480   481   482   483   484   485   486   487   488   489   490   491   492   493   494   495   496   497   498   499   500   501   502   503   504   505   506   507   508   509   510   511   512   513   514   515   516   517   518   519   520   521   522   523   524   525   526   527   528   529   530   531   532   533   534   535   536   537   538   539   540   541   542   543   544   545   546   547   548   549   550   551   552   553   554   555   556   557   558   559   560   561   562   563   564   565   566   567   568   569   570   571   572   573   574   575   576   577   578   579   580   581   582   583   584   585   586   587   588   589   590   591   592   593   594   595   596   597   598   599   600   601   602   603   604   605   606   607   608   609   610   611   612   613   614   615   616   617   618   619   620   621   622   623   624   625   626   627   628   629   630   631   632   633   634   635   636   637   638   639   640   641   642   643   644   645   646   647   648   649   650   651   652   653   654   655   656   657   658   659   660   661   662   663   664   665   666   667   668   669   670   671   672   673   674   675   676   677   678   679   680   681   682   683   684   685   686   687   688   689   690   691   692   693   694   695   696   697   698   699   700   701   702   703   704   705   706   707   708   709   710   711   712   713   714   715   716   717   718   719   720   721   722   723   724   725   726   727   728   729   730   731   732   733   734   735   736   737   738   739   740   741   742   743   744   745   746   747   748   749   750   751   752   753   754   755   756   757   758   759   760   761   762   763   764   765   766   767   768   769   770   771   772   773   774   775   776   777   778   779   780   781   782   783   784   785   786   787   788   789   790   791   792   793   794   795   796   797   798   799   800  
Save to Ph-N2-Cl-B3LYPG-6-31G_dp-MTMO-d009-169-n800.pickle  complete
800 155

Basis:  ['0C-1s', '0C-2s', '0C-1pz', '0C-1px', '0C-1py', '0C-3s', '0C-2pz', '0C-2px', '0C-2py', '0C-1dz2', '0C-1dxz', '0C-1dyz', '0C-1dx2y2', '0C-1dxy', '1C-1s', '1C-2s', '1C-1pz', '1C-1px', '1C-1py', '1C-3s', '1C-2pz', '1C-2px', '1C-2py', '1C-1dz2', '1C-1dxz', '1C-1dyz', '1C-1dx2y2', '1C-1dxy', '2C-1s', '2C-2s', '2C-1pz', '2C-1px', '2C-1py', '2C-3s', '2C-2pz', '2C-2px', '2C-2py', '2C-1dz2', '2C-1dxz', '2C-1dyz', '2C-1dx2y2', '2C-1dxy', '3C-1s', '3C-2s', '3C-1pz', '3C-1px', '3C-1py', '3C-3s', '3C-2pz', '3C-2px', '3C-2py', '3C-1dz2', '3C-1dxz', '3C-1dyz', '3C-1dx2y2', '3C-1dxy', '4C-1s', '4C-2s', '4C-1pz', '4C-1px', '4C-1py', '4C-3s', '4C-2pz', '4C-2px', '4C-2py', '4C-1dz2', '4C-1dxz', '4C-1dyz', '4C-1dx2y2', '4C-1dxy', '5C-1s', '5C-2s', '5C-1pz', '5C-1px', '5C-1py', '5C-3s', '5C-2pz', '5C-2px', '5C-2py', '5C-1dz2', '5C-1dxz', '5C-1dyz', '5C-1dx2y2', '5C-1dxy', '6H-1s', '6H-2s', '6H-1pz', '6H-1px', '6H-1py', '7H-1s', '7H-2s', '7H-1pz', '7H-1px', '7H-1py', '8H-1s', '8H-2s', '8H-1pz', '8H-1px', '8H-1py', '9H-1s', '9H-2s', '9H-1pz', '9H-1px', '9H-1py', '10N-1s', '10N-2s', '10N-1pz', '10N-1px', '10N-1py', '10N-3s', '10N-2pz', '10N-2px', '10N-2py', '10N-1dz2', '10N-1dxz', '10N-1dyz', '10N-1dx2y2', '10N-1dxy', '11N-1s', '11N-2s', '11N-1pz', '11N-1px', '11N-1py', '11N-3s', '11N-2pz', '11N-2px', '11N-2py', '11N-1dz2', '11N-1dxz', '11N-1dyz', '11N-1dx2y2', '11N-1dxy', '12Cl-1s', '12Cl-2s', '12Cl-1pz', '12Cl-1px', '12Cl-1py', '12Cl-3s', '12Cl-2pz', '12Cl-2px', '12Cl-2py', '12Cl-4s', '12Cl-3pz', '12Cl-3px', '12Cl-3py', '12Cl-1dz2', '12Cl-1dxz', '12Cl-1dyz', '12Cl-1dx2y2', '12Cl-1dxy', '13H-1s', '13H-2s', '13H-1pz', '13H-1px', '13H-1py']
          [0, 0, 0, 0, 0, 0, 0, 0, 0, 0, 0, 0, 0, 0, 1, 1, 1, 1, 1, 1, 1, 1, 1, 1, 1, 1, 1, 1, 2, 2, 2, 2, 2, 2, 2, 2, 2, 2, 2, 2, 2, 2, 3, 3, 3, 3, 3, 3, 3, 3, 3, 3, 3, 3, 3, 3, 4, 4, 4, 4, 4, 4, 4, 4, 4, 4, 4, 4, 4, 4, 5, 5, 5, 5, 5, 5, 5, 5, 5, 5, 5, 5, 5, 5, 6, 6, 6, 6, 6, 7, 7, 7, 7, 7, 8, 8, 8, 8, 8, 9, 9, 9, 9, 9, 10, 10, 10, 10, 10, 10, 10, 10, 10, 10, 10, 10, 10, 10, 11, 11, 11, 11, 11, 11, 11, 11, 11, 11, 11, 11, 11, 11, 12, 12, 12, 12, 12, 12, 12, 12, 12, 12, 12, 12, 12, 12, 12, 12, 12, 12, 13, 13, 13, 13, 13]
Trace of 0/155 orbital
Trace of 1/155 orbital
Trace of 2/155 orbital
Trace of 3/155 orbital
Trace of 4/155 orbital
Trace of 5/155 orbital
Trace of 6/155 orbital
Trace of 7/155 orbital
Trace of 8/155 orbital
Trace of 9/155 orbital
Trace of 10/155 orbital
Trace of 11/155 orbital
Trace of 12/155 orbital
Trace of 13/155 orbital
Trace of 14/155 orbital
Trace of 15/155 orbital
Trace of 16/155 orbital
Trace of 17/155 orbital
Trace of 18/155 orbital
Trace of 19/155 orbital
Trace of 20/155 orbital
Trace of 21/155 orbital
Trace of 22/155 orbital
Trace of 23/155 orbital
Trace of 24/155 orbital
Trace of 25/155 orbital
Trace of 26/155 orbital
Trace of 27/155 orbital
Trace of 28/155 orbital
Trace of 29/155 orbital
Trace of 30/155 orbital
Trace of 31/155 orbital
Trace of 32/155 orbital
Trace of 33/155 orbital
Trace of 34/155 orbital
***    step= 73  prev= 35  n= 34 [31, 0.12732544180999997] [0, 10000000000.0] [0, 10000000000.0] -0.25229
 ==> Selected Orbitals  -0.25229 [31, 32, 33, 34, 35] [-0.29079, -0.28997, -0.28338, -0.27849, -0.27372]
 ** PE  -0.243990   -0.245630   -0.247490
 ** E  ( -0.249610 ->  -0.252290)   -0.290790  -101.488400  -101.488400
 **     -0.000044    0.000004   -0.000000   -0.000000
 **      0.000099   -0.000022   -0.000002   -0.000002
 **      0.046518    0.115029   -0.000002   -0.000002
 **     -0.000817   -0.002982   -0.000000   -0.000000
 **     -0.018831   -0.046454   -0.000005   -0.000005
 **      0.000047   -0.000005   -0.000061   -0.000061
 **      0.034054    0.080798   -0.000001   -0.000001
 **     -0.000732   -0.002259    0.000021    0.000021
 **     -0.013802   -0.032250   -0.000004   -0.000004
 **      0.000048    0.001284   -0.000000   -0.000000
 **      0.000730    0.001308   -0.000000   -0.000000
 **      0.000011    0.001456   -0.000000   -0.000000
 **     -0.000007    0.000681    0.000001    0.000001
 **     -0.000309   -0.000587   -0.000001   -0.000001
 **     -0.000019   -0.000018    0.000000    0.000000
 **      0.000030    0.000077   -0.000000   -0.000000
 **      0.023552    0.063802   -0.000003   -0.000003
 **     -0.000618   -0.001589   -0.000001   -0.000001
 **     -0.009443   -0.025758   -0.000007   -0.000007
 **      0.000172   -0.000258   -0.000196   -0.000196
 **      0.022358    0.042168   -0.000024   -0.000024
 **     -0.000705   -0.001526   -0.000047   -0.000047
 **     -0.008796   -0.016995   -0.000056   -0.000056
 **     -0.000631   -0.001055    0.000001    0.000001
 **     -0.002347   -0.005204   -0.000000   -0.000000
 **     -0.000632   -0.000926   -0.000001   -0.000001
 **     -0.000225   -0.000359   -0.000000   -0.000000
 **      0.001003    0.002131   -0.000001   -0.000001
 **      0.000011    0.000055    0.000001    0.000001
 **      0.000002    0.000007    0.000013    0.000013
 **     -0.034490   -0.057305    0.000002    0.000002
 **      0.001623    0.001192    0.000007    0.000007
 **      0.013660    0.023099    0.000005    0.000005
 **     -0.001048   -0.002256   -0.000069   -0.000069
 **     -0.036083   -0.027577   -0.000111   -0.000111
 **      0.001620    0.001098   -0.000083   -0.000083
 **      0.013960    0.009682   -0.000270   -0.000270
 **     -0.001901   -0.004111    0.000001    0.000001
 **      0.000819    0.000095    0.000002    0.000002
 **     -0.002332   -0.004941   -0.000002   -0.000002
 **     -0.001157   -0.002358    0.000003    0.000003
 **     -0.000218    0.000149    0.000006    0.000006
 **     -0.000178   -0.000005   -0.000014   -0.000014
 **      0.000209   -0.000023   -0.000088   -0.000088
 **     -0.040587   -0.100901   -0.000001   -0.000001
 **      0.001342    0.002302   -0.000006   -0.000006
 **      0.017477    0.040713   -0.000003   -0.000003
 **      0.002032    0.001513    0.000655    0.000655
 **      0.005256   -0.086717    0.000082    0.000082
 **      0.000709    0.003152    0.000275    0.000275
 **     -0.002293    0.033211    0.000187    0.000187
 **      0.002328    0.001564   -0.000025   -0.000025
 **      0.002249    0.000159    0.000012    0.000012
 **      0.002638    0.001897    0.000029    0.000029
 **      0.001252    0.000887   -0.000015   -0.000015
 **     -0.001033   -0.000141    0.000027    0.000027
 **     -0.000005   -0.000060   -0.000000   -0.000000
 **     -0.000043    0.000098    0.000000    0.000000
 **     -0.038778   -0.037107   -0.000001   -0.000001
 **      0.000835    0.001158    0.000010    0.000010
 **      0.015519    0.015300   -0.000003   -0.000003
 **      0.000241    0.000841    0.000078    0.000078
 **     -0.035369   -0.020786   -0.000014   -0.000014
 **      0.000941    0.000804   -0.000095   -0.000095
 **      0.014831    0.008791   -0.000028   -0.000028
 **      0.000264   -0.001388   -0.000002   -0.000002
 **     -0.002176   -0.004650   -0.000001   -0.000001
 **      0.000426   -0.001346    0.000002    0.000002
 **      0.000259   -0.000543   -0.000002   -0.000002
 **      0.000933    0.001917   -0.000002   -0.000002
 **     -0.000055    0.000041   -0.000001   -0.000001
 **      0.000129   -0.000064   -0.000006   -0.000006
 **      0.006917    0.064339    0.000001    0.000001
 **     -0.000020   -0.001802   -0.000005   -0.000005
 **     -0.002589   -0.026263    0.000002    0.000002
 **      0.000519   -0.000351   -0.000028   -0.000028
 **      0.005751    0.042623   -0.000027   -0.000027
 **      0.000046   -0.001386    0.000059    0.000059
 **     -0.002046   -0.017035   -0.000071   -0.000071
 **     -0.001804   -0.003092   -0.000002   -0.000002
 **     -0.000000    0.001324    0.000000    0.000000
 **     -0.002154   -0.003778   -0.000000   -0.000000
 **     -0.001048   -0.001835    0.000003    0.000003
 **      0.000068   -0.000396    0.000001    0.000001
 **     -0.000053   -0.000025    0.000004    0.000004
 **     -0.000068    0.000159    0.000007    0.000007
 **      0.001304    0.002879    0.000000    0.000000
 **     -0.000022   -0.000068   -0.000001   -0.000001
 **     -0.000528   -0.001163    0.000001    0.000001
 **     -0.000161    0.000052    0.000005    0.000005
 **     -0.000109    0.000298    0.000011    0.000011
 **      0.000590    0.001706    0.000001    0.000001
 **     -0.000014   -0.000042    0.000001    0.000001
 **     -0.000236   -0.000682    0.000002    0.000002
 **     -0.000086    0.000084    0.000333    0.000333
 **     -0.000972    0.000415   -0.001474   -0.001474
 **      0.009029   -0.014320    0.000126    0.000126
 **     -0.000293    0.000632    0.000175    0.000175
 **     -0.003751    0.005691    0.000299    0.000299
 **     -0.000226    0.000134    0.000005    0.000005
 **     -0.000611   -0.000207   -0.000043   -0.000043
 **     -0.000712   -0.001051    0.000003    0.000003
 **      0.000009    0.000020    0.000005    0.000005
 **      0.000294    0.000421    0.000008    0.000008
 **      0.000043   -0.000001   -0.000001   -0.000001
 **     -0.000087   -0.000040   -0.000020   -0.000020
 **     -0.006270    0.004084    0.000000    0.000000
 **      0.000632    0.000122    0.000007    0.000007
 **      0.002686   -0.001912   -0.000000   -0.000000
 **      0.000096    0.000199    0.000108    0.000108
 **     -0.004021   -0.000653    0.000027    0.000027
 **      0.000616    0.000303   -0.000019   -0.000019
 **      0.001801    0.000260    0.000066    0.000066
 **     -0.000064    0.000054   -0.000002   -0.000002
 **     -0.000075    0.000833    0.000001    0.000001
 **     -0.000028    0.000011    0.000008    0.000008
 **      0.000023    0.000006   -0.000011   -0.000011
 **      0.000060   -0.000348    0.000002    0.000002
 **      0.000046    0.000052    0.000001    0.000001
 **     -0.000093   -0.000185    0.000028    0.000028
 **      0.000266    0.006702    0.000008    0.000008
 **     -0.000131   -0.000227   -0.000006   -0.000006
 **     -0.000463   -0.003004    0.000021    0.000021
 **     -0.000571   -0.000316   -0.000108   -0.000108
 **      0.005285    0.002784   -0.000016   -0.000016
 **     -0.000164   -0.000111    0.000072    0.000072
 **     -0.002041   -0.001022   -0.000045   -0.000045
 **      0.000377   -0.000357    0.000005    0.000005
 **     -0.000143   -0.000248    0.000000    0.000000
 **      0.000464   -0.000377    0.000003    0.000003
 **      0.000209   -0.000210   -0.000015   -0.000015
 **      0.000015    0.000114    0.000002    0.000002
 **     -0.000001    0.000001    0.996493    0.996493
 **     -0.000038    0.000008    0.012746    0.012746
 **     -0.256797    0.244633   -0.000032   -0.000032
 **      0.006299   -0.011098   -0.000043   -0.000043
 **      0.103959   -0.096646   -0.000075   -0.000075
 **     -0.000164    0.000045   -0.004434   -0.004434
 **      0.649365   -0.621565    0.000083    0.000083
 **     -0.015836    0.028182    0.000112    0.000112
 **     -0.262869    0.245580    0.000196    0.000196
 **      0.000598   -0.000244    0.002956    0.002956
 **      0.394698   -0.362518   -0.000244   -0.000244
 **     -0.010230    0.016592   -0.000337   -0.000337
 **     -0.160112    0.143286   -0.000577   -0.000577
 **     -0.005885    0.008457    0.000019    0.000019
 **     -0.004921    0.006500   -0.000017   -0.000017
 **     -0.006639    0.009571   -0.000028   -0.000028
 **     -0.003170    0.004260    0.000022    0.000022
 **      0.002174   -0.003120   -0.000040   -0.000040
 **     -0.000049    0.000062    0.000006    0.000006
 **     -0.000101   -0.000030    0.000031    0.000031
 **      0.000164    0.001651    0.000001    0.000001
 **     -0.000003   -0.000047    0.000000    0.000000
 **     -0.000063   -0.000677    0.000003    0.000003
***** Select 31 *****
Trace of 35/155 orbital
Trace of 36/155 orbital
Trace of 37/155 orbital
Trace of 38/155 orbital
Trace of 39/155 orbital
Trace of 40/155 orbital
Trace of 41/155 orbital
Trace of 42/155 orbital
Trace of 43/155 orbital
Trace of 44/155 orbital
Trace of 45/155 orbital
Trace of 46/155 orbital
Trace of 47/155 orbital
Trace of 48/155 orbital
Trace of 49/155 orbital
Trace of 50/155 orbital
Trace of 51/155 orbital
Trace of 52/155 orbital
Trace of 53/155 orbital
Trace of 54/155 orbital
Trace of 55/155 orbital
Trace of 56/155 orbital
Trace of 57/155 orbital
Trace of 58/155 orbital
Trace of 59/155 orbital
Trace of 60/155 orbital
***    step= 44  prev= 61  n= 60 [65, 6.510896041559997] [64, 6.812402374495005] [62, 6.934946791149996] 0.55014
 ==> Selected Orbitals  0.55014 [57, 58, 59, 60, 61, 62, 63, 64, 65] [0.50176, 0.51865, 0.53629, 0.54932, 0.55006, 0.55247, 0.56823, 0.58318, 0.58732]
 ** PE   0.552640    0.552060    0.551430
 ** E  (  0.550780 ->   0.550140)    0.587320    0.583180    0.552470
 **     -0.000220   -0.032764    0.016588    0.044508
 **      0.001014   -0.350010    0.263520    0.361389
 **      0.112740    0.017334    0.073268   -0.050761
 **     -0.159039   -0.159302   -0.431750    0.123904
 **      0.034680    0.072147    0.220031   -0.146671
 **      0.431923    0.440895   -0.918673   -0.014054
 **     -0.142143    0.002910   -0.230769   -0.068374
 **      0.647179    0.594764    0.313833    0.648126
 **      0.000755   -0.053737   -0.609135   -0.193770
 **     -0.001900    0.066807   -0.031167   -0.086602
 **     -0.027248   -0.003919    0.020272   -0.001127
 **      0.012873   -0.054722    0.027599    0.069656
 **      0.011186   -0.002972   -0.000287    0.005885
 **     -0.001862   -0.000586    0.046638   -0.012617
 **     -0.010732   -0.015804   -0.039260    0.001098
 **     -0.029240   -0.392333   -0.038072    0.436702
 **     -0.408134    0.037166   -0.019829   -0.042623
 **      0.012113    0.203328   -0.102308   -0.294314
 **      0.234980    0.084419   -0.042087   -0.063153
 **     -0.099129   -0.058623    0.362012   -0.288367
 **      0.524776   -0.051143    0.181822    0.236454
 **      0.513733    0.142553   -0.232337    1.229737
 **     -0.166336   -0.138755    0.465186    0.485071
 **     -0.002391    0.060237    0.036418   -0.043621
 **      0.009353   -0.000988   -0.010593   -0.002939
 **     -0.036953   -0.048583   -0.022378    0.041892
 **     -0.026991   -0.003036   -0.017717   -0.014949
 **     -0.005605    0.004364   -0.021291   -0.012263
 **     -0.003276   -0.015123    0.017477   -0.037026
 **     -0.015725    0.070694   -0.301215    0.458560
 **     -0.283942    0.172454    0.013921    0.038931
 **     -0.052020   -0.148399    0.234946   -0.129108
 **      0.249765    0.425377    0.011153    0.132997
 **      0.415009    0.307425   -0.553905   -0.215552
 **      0.508323   -0.100564   -0.053253    0.419452
 **     -0.260517   -0.178765    0.106962   -0.677681
 **      0.437239   -0.223269   -0.126328    1.053225
 **      0.014186    0.006015    0.013335   -0.005839
 **      0.037321    0.008151   -0.000045    0.010415
 **      0.019344   -0.006221   -0.017454   -0.009330
 **      0.001428    0.004154    0.013027    0.032242
 **     -0.002531    0.021342    0.001577    0.020693
 **      0.025632    0.042275   -0.043432    0.038736
 **     -0.031927    0.433818    0.025335    0.328650
 **      0.117635    0.060409    0.000035    0.076628
 **      0.065445   -0.288638   -0.207740   -0.241967
 **      0.011286    0.166783    0.018053    0.205144
 **     -0.745840   -0.650778    0.473843   -0.992269
 **      0.113518    0.143579   -0.232475    0.272105
 **     -0.231360    0.403564    0.023739   -0.190515
 **      0.539037    0.329275   -0.584848    0.686807
 **     -0.003123   -0.078714    0.033321   -0.061753
 **     -0.021221   -0.000119    0.006174    0.001156
 **      0.009892    0.065317   -0.013715    0.046999
 **      0.008368   -0.000565   -0.028005    0.010312
 **      0.002385   -0.010267    0.020392   -0.004371
 **     -0.034076    0.017021    0.030771   -0.004573
 **      0.022522    0.420711    0.325817    0.313621
 **      0.355256    0.054181   -0.108677    0.054363
 **      0.021885    0.249268   -0.423341    0.240647
 **     -0.251687    0.115502   -0.234468    0.092764
 **      0.458344    0.388472   -0.884882    0.122000
 **     -0.541819   -0.252270    0.268751   -0.338506
 **     -0.026830   -0.255856    0.247224   -0.677979
 **     -0.256586   -0.607142    0.639545   -0.772918
 **      0.003130   -0.073470   -0.056799   -0.033966
 **      0.008879    0.011927   -0.014557   -0.000438
 **     -0.044714    0.058509    0.038857    0.023407
 **     -0.007103    0.006909    0.014781    0.007292
 **     -0.004362    0.020022   -0.043453   -0.005871
 **      0.023918    0.002161    0.034247   -0.031646
 **     -0.019144    0.032421    0.476064    0.426996
 **      0.313410    0.166019    0.032032   -0.108316
 **     -0.038076    0.011265   -0.082759    0.207209
 **     -0.357916    0.409602    0.080592   -0.315275
 **     -0.320429   -0.412994    0.379506   -0.650145
 **     -0.420299   -0.359854   -0.021027   -0.179866
 **     -0.326221   -0.291216    0.596001   -0.098492
 **      0.014740   -0.868174   -0.077037   -0.408847
 **     -0.004609    0.005251   -0.108158   -0.003328
 **      0.031442   -0.009257    0.004606    0.004747
 **      0.022896   -0.004338    0.074663   -0.006131
 **     -0.004968   -0.000820    0.032312    0.019838
 **     -0.011994   -0.021719   -0.003395    0.007699
 **     -0.003080   -0.283136    0.247565    0.337305
 **      0.105491    0.117145   -0.258538   -0.041508
 **     -0.000816    0.006256   -0.003797   -0.005482
 **      0.007198    0.005561   -0.008565   -0.002690
 **     -0.003484    0.014963   -0.009024   -0.013395
 **     -0.082282   -0.246640   -0.056392    0.214624
 **     -0.127410   -0.066985    0.241025   -0.192347
 **      0.006581    0.005557    0.000064   -0.002082
 **     -0.001668   -0.003781   -0.013821    0.012959
 **     -0.001780    0.013959    0.001040   -0.006325
 **      0.007719    0.284107   -0.034973    0.246281
 **     -0.062262   -0.356109    0.254909   -0.360993
 **     -0.002969    0.005643    0.000489    0.002448
 **     -0.005169    0.007695   -0.011440    0.005844
 **     -0.001103    0.013541    0.001789    0.005938
 **     -0.126973    0.225617    0.329884    0.115913
 **      0.192455    0.205435   -0.273761    0.132938
 **     -0.007025    0.003878    0.004553   -0.003051
 **     -0.001583   -0.006043   -0.010366   -0.016887
 **     -0.004925    0.010007    0.011889   -0.006280
 **      0.012411    0.006800    0.001251    0.000870
 **     -0.059678   -0.053531   -0.024097   -0.023341
 **     -0.278669    0.019237   -0.000706   -0.011372
 **     -0.060376   -0.035884    0.047402    0.012200
 **      0.110649    0.043576   -0.014096   -0.003810
 **     -0.411508    0.019906    0.191313   -0.049600
 **      0.132312   -0.024732    0.036316   -0.085525
 **     -0.235827   -0.057231    0.070436   -0.449306
 **     -0.339005   -0.052416    0.092388   -0.204277
 **     -0.006412   -0.000240   -0.005060   -0.011318
 **     -0.015749    0.000537    0.001313   -0.003267
 **     -0.007997    0.006095    0.000280    0.003582
 **     -0.011257   -0.011668    0.008824    0.010748
 **      0.001570    0.001432    0.001484   -0.008627
 **     -0.008565   -0.000802    0.000781   -0.001144
 **     -0.007973    0.013826    0.012215    0.005953
 **     -0.034978   -0.005570    0.000470   -0.004501
 **     -0.033132   -0.056850    0.013462   -0.036329
 **      0.000276   -0.009031   -0.003610   -0.004983
 **      0.456781    0.025435   -0.169519    0.357539
 **     -0.094378   -0.025790    0.046707   -0.089653
 **     -0.240164    0.041700    0.064426   -0.075805
 **     -0.292578   -0.065526    0.112786   -0.214965
 **      0.015714    0.002268    0.000279   -0.000089
 **      0.020174   -0.001087   -0.001445    0.001727
 **      0.008675   -0.004609    0.001872    0.001186
 **      0.012611    0.004919   -0.005249   -0.000227
 **     -0.011069   -0.002216   -0.002493    0.002284
 **     -0.003957   -0.004639    0.002783   -0.006329
 **      0.002069    0.002135   -0.000778    0.003480
 **     -0.054873   -0.000655    0.000586   -0.002804
 **      0.054309   -0.002016   -0.009376    0.009647
 **      0.020837   -0.003706    0.000912   -0.002527
 **     -0.098783   -0.117166    0.071963   -0.157512
 **      0.215975    0.005068   -0.003836    0.013550
 **     -0.213772    0.011878    0.035025   -0.033170
 **     -0.076023    0.020136   -0.007017    0.015701
 **      0.151380    0.176204   -0.114476    0.236632
 **     -0.262887   -0.025460    0.018371   -0.040903
 **      0.259374   -0.045679   -0.025397    0.007379
 **      0.032538   -0.067202    0.039798   -0.076518
 **      0.003976    0.017063   -0.012378    0.019535
 **      0.012534   -0.003046   -0.001307   -0.000410
 **     -0.025836   -0.017809    0.010813   -0.015574
 **      0.000783    0.005598    0.000791   -0.004606
 **      0.029812   -0.004802   -0.005184    0.002656
 **      0.039783   -0.029130    0.469769    0.025702
 **     -0.144170   -0.107283    0.130016    0.060059
 **     -0.003204    0.002050   -0.001091    0.000262
 **     -0.003654   -0.001104   -0.018815   -0.002084
 **      0.004901    0.005120   -0.001637    0.001167
***** Select 62 *****
Trace of 61/155 orbital
Trace of 62/155 orbital
Trace of 63/155 orbital
Trace of 64/155 orbital
Trace of 65/155 orbital
Trace of 66/155 orbital
Trace of 67/155 orbital
***    step= 49  prev= 67  n= 67 [63, 5.507944850775997] [0, 10000000000.0] [0, 10000000000.0] 0.61185
 ==> Selected Orbitals  0.61185 [63, 64, 65, 66, 67, 68, 69] [0.56576, 0.58185, 0.58623, 0.61107, 0.61118, 0.62914, 0.65428]
 ** PE   0.614560    0.613920    0.613260
 ** E  (  0.612570 ->   0.611850)    0.565760  -101.453070  -101.453070
 **     -0.000244   -0.000102    0.000000    0.000000
 **      0.004372    0.001628   -0.000001   -0.000001
 **     -0.125921    0.571724    0.000001    0.000001
 **      0.003098   -0.018522   -0.000009   -0.000009
 **      0.051721   -0.227331    0.000002    0.000002
 **      0.025483    0.010061   -0.000205   -0.000205
 **      0.233837   -0.612697    0.000001    0.000001
 **     -0.008978    0.029643   -0.000285   -0.000285
 **     -0.071893    0.247211    0.000021    0.000021
 **      0.005412    0.023923   -0.000001   -0.000001
 **     -0.022257    0.023063   -0.000001   -0.000001
 **      0.008787    0.027531    0.000003    0.000003
 **      0.005594    0.013029   -0.000004   -0.000004
 **      0.007265   -0.010345   -0.000002   -0.000002
 **      0.000692   -0.000205   -0.000005   -0.000005
 **     -0.001600    0.000625   -0.000038   -0.000038
 **     -0.366501    0.280084    0.000001    0.000001
 **      0.000669   -0.007764    0.000011    0.000011
 **      0.140914   -0.111211    0.000002    0.000002
 **     -0.016178   -0.009659    0.000259    0.000259
 **      0.549149   -0.275038    0.000058    0.000058
 **     -0.001640    0.017954   -0.000471   -0.000471
 **     -0.236562    0.107271    0.000172    0.000172
 **     -0.002494    0.004784   -0.000007   -0.000007
 **      0.012663   -0.031899   -0.000001   -0.000001
 **     -0.003129    0.007033    0.000010    0.000010
 **     -0.002308    0.003924   -0.000009   -0.000009
 **     -0.003858    0.012566   -0.000003   -0.000003
 **     -0.000732   -0.000111    0.000015    0.000015
 **     -0.002399    0.002313    0.000087    0.000087
 **      0.309304   -0.234558   -0.000005   -0.000005
 **     -0.018005    0.005387   -0.000004   -0.000004
 **     -0.129720    0.098413   -0.000011   -0.000011
 **      0.018895    0.011219   -0.001548   -0.001548
 **     -0.622826    0.273534   -0.000301   -0.000301
 **      0.020487   -0.016857    0.000745    0.000745
 **      0.237697   -0.104093   -0.000789   -0.000789
 **     -0.000114   -0.016746    0.000023    0.000023
 **     -0.003604    0.017731    0.000007    0.000007
 **     -0.001956   -0.020549   -0.000028   -0.000028
 **     -0.000576   -0.010625    0.000019    0.000019
 **      0.000694   -0.006342    0.000020    0.000020
 **      0.000588    0.000411    0.000004    0.000004
 **     -0.006590    0.002649    0.000032    0.000032
 **     -0.372383   -0.434670    0.000017    0.000017
 **      0.014894    0.011344   -0.000040   -0.000040
 **      0.150028    0.175954    0.000045    0.000045
 **     -0.000696   -0.019443   -0.000048   -0.000048
 **      0.547783    0.383594   -0.000645   -0.000645
 **      0.003218   -0.007133    0.000536    0.000536
 **     -0.212362   -0.138305   -0.001631   -0.001631
 **      0.005308    0.022139    0.000007    0.000007
 **      0.014200    0.021731   -0.000026   -0.000026
 **      0.005153    0.025650    0.000019    0.000019
 **      0.002384    0.011825   -0.000056   -0.000056
 **     -0.006181   -0.009987   -0.000061   -0.000061
 **     -0.000961   -0.000538   -0.000007   -0.000007
 **     -0.003029    0.003812   -0.000046   -0.000046
 **     -0.174485   -0.412224   -0.000004   -0.000004
 **      0.008690    0.009852   -0.000000   -0.000000
 **      0.071406    0.163809   -0.000009   -0.000009
 **      0.017008    0.010987    0.000201    0.000201
 **      0.290410    0.434886    0.000282    0.000282
 **      0.012196   -0.005260    0.000482    0.000482
 **     -0.121787   -0.187155    0.000670    0.000670
 **     -0.006942    0.006992   -0.000019   -0.000019
 **     -0.022542   -0.028263    0.000008    0.000008
 **     -0.009081    0.010145    0.000008    0.000008
 **     -0.003865    0.005686    0.000018    0.000018
 **      0.010703    0.011297    0.000017    0.000017
 **      0.000153    0.000610   -0.000001   -0.000001
 **      0.001917    0.002948   -0.000003   -0.000003
 **      0.565846    0.135383   -0.000001   -0.000001
 **     -0.013352   -0.003515    0.000011    0.000011
 **     -0.231555   -0.056453   -0.000002   -0.000002
 **     -0.021273   -0.010861    0.000436    0.000436
 **     -0.821770   -0.132840    0.000149    0.000149
 **      0.004057   -0.006724    0.000029    0.000029
 **      0.355378    0.049085    0.000366    0.000366
 **      0.001215   -0.019569   -0.000000   -0.000000
 **      0.020852    0.015548    0.000001    0.000001
 **     -0.000541   -0.022804    0.000001    0.000001
 **     -0.001467   -0.011901   -0.000001   -0.000001
 **     -0.008783   -0.005590    0.000002    0.000002
 **     -0.001637    0.000258   -0.000005   -0.000005
 **      0.010887    0.002500   -0.000016   -0.000016
 **      0.001947   -0.007752   -0.000001   -0.000001
 **     -0.000150    0.000203    0.000008    0.000008
 **     -0.000534    0.002994   -0.000003   -0.000003
 **     -0.002986   -0.001493    0.000021    0.000021
 **     -0.006782   -0.003347    0.000152    0.000152
 **      0.004941   -0.004063    0.000001    0.000001
 **     -0.000121    0.000055    0.000003    0.000003
 **     -0.001929    0.001568    0.000001    0.000001
 **     -0.001213    0.000576   -0.000081   -0.000081
 **     -0.016464   -0.006726    0.001656    0.001656
 **      0.005959   -0.000035   -0.000014   -0.000014
 **      0.000396   -0.000070   -0.000017   -0.000017
 **     -0.002472    0.000123   -0.000034   -0.000034
 **     -0.007323   -0.000929   -0.000040   -0.000040
 **      0.010650    0.006765   -0.000168   -0.000168
 **      0.002704    0.004002   -0.000005   -0.000005
 **      0.000436   -0.000082   -0.000022   -0.000022
 **     -0.001225   -0.001654   -0.000010   -0.000010
 **      0.000079    0.000109   -0.000003   -0.000003
 **     -0.003584   -0.000132   -0.000036   -0.000036
 **      0.326077   -0.117827   -0.000010   -0.000010
 **     -0.007474    0.002247   -0.000009   -0.000009
 **     -0.123018    0.047960   -0.000024   -0.000024
 **      0.022165   -0.004778    0.000253    0.000253
 **     -0.234358    0.083407    0.000083    0.000083
 **      0.020813   -0.008225    0.000333    0.000333
 **      0.098703   -0.038176    0.000182    0.000182
 **      0.018257    0.002253   -0.000018   -0.000018
 **      0.030270   -0.005673    0.000010    0.000010
 **      0.019208    0.003272    0.000012    0.000012
 **      0.007564    0.001580    0.000008    0.000008
 **     -0.012816    0.002317    0.000020    0.000020
 **      0.000935   -0.000080   -0.000015   -0.000015
 **     -0.003556    0.000457   -0.000193   -0.000193
 **      0.276847    0.026773   -0.000005   -0.000005
 **     -0.008770   -0.002079    0.000012    0.000012
 **     -0.111736   -0.011437   -0.000013   -0.000013
 **     -0.019744    0.006123    0.000183    0.000183
 **     -0.307732   -0.008606    0.000209    0.000209
 **      0.022440   -0.001162   -0.000005   -0.000005
 **      0.139321   -0.002220    0.000513    0.000513
 **     -0.020317    0.002825   -0.000016   -0.000016
 **     -0.026157    0.007074   -0.000016   -0.000016
 **     -0.022040    0.002763    0.000024    0.000024
 **     -0.009528    0.001314   -0.000024   -0.000024
 **      0.011773   -0.002958   -0.000040   -0.000040
 **     -0.000153   -0.000135   -0.996492   -0.996492
 **      0.000180    0.000078   -0.012713   -0.012713
 **      0.030514   -0.087756    0.000018    0.000018
 **     -0.002631    0.003077    0.000026    0.000026
 **     -0.013061    0.035483    0.000041    0.000041
 **     -0.003498   -0.003359    0.004607    0.004607
 **     -0.124714    0.341098   -0.000075   -0.000075
 **      0.010851   -0.011922   -0.000116   -0.000116
 **      0.053394   -0.137720   -0.000174   -0.000174
 **      0.004263    0.004984   -0.002922   -0.002922
 **      0.169134   -0.376355    0.000238    0.000238
 **     -0.016131    0.012889    0.000318    0.000318
 **     -0.071839    0.150270    0.000560    0.000560
 **      0.036281   -0.006448    0.000054    0.000054
 **     -0.022950   -0.008550   -0.000004   -0.000004
 **      0.043381   -0.008047   -0.000050   -0.000050
 **      0.021970   -0.003233    0.000010    0.000010
 **      0.005191    0.004141   -0.000003   -0.000003
 **     -0.003041    0.002048   -0.000016   -0.000016
 **     -0.002802   -0.003947   -0.000012   -0.000012
 **     -0.007731   -0.002448   -0.000004   -0.000004
 **      0.000335   -0.000097   -0.000000   -0.000000
 **      0.003577    0.001032   -0.000010   -0.000010
***** Select 63 *****
Trace of 68/155 orbital
Trace of 69/155 orbital
Trace of 70/155 orbital
Trace of 71/155 orbital
Trace of 72/155 orbital
Trace of 73/155 orbital
Trace of 74/155 orbital
Trace of 75/155 orbital
Trace of 76/155 orbital
Trace of 77/155 orbital
Trace of 78/155 orbital
Trace of 79/155 orbital
Trace of 80/155 orbital
Trace of 81/155 orbital
Trace of 82/155 orbital
Trace of 83/155 orbital
Trace of 84/155 orbital
Trace of 85/155 orbital
Trace of 86/155 orbital
Trace of 87/155 orbital
Trace of 88/155 orbital
Trace of 89/155 orbital
Trace of 90/155 orbital
Trace of 91/155 orbital
Trace of 92/155 orbital
Trace of 93/155 orbital
Trace of 94/155 orbital
Trace of 95/155 orbital
Trace of 96/155 orbital
***    step= 11  prev= 96  n= 96 [101, 1.7539106274129996] [95, 2.1290564914590004] [0, 10000000000.0] 1.32967
 ==> Selected Orbitals  1.32967 [95, 96, 97, 98, 99, 100, 101] [1.28067, 1.33098, 1.33176, 1.33864, 1.35518, 1.35879, 1.36966]
 ** PE   1.318470    1.323170    1.325670
 ** E  (  1.327550 ->   1.329670)    1.369660    1.280670  -101.442000
 **     -0.000232   -0.000225    0.000066   -0.000000
 **     -0.016809   -0.000915   -0.002549   -0.000005
 **      0.020981    0.013103   -0.063752    0.000001
 **     -0.008895   -0.002924    0.001256   -0.000011
 **     -0.012227   -0.002580    0.023394    0.000003
 **      0.057880    0.011027    0.000338   -0.000185
 **      0.071452    0.014171    0.002346   -0.000003
 **      0.022849    0.007057    0.002573   -0.000263
 **      0.029865   -0.004865    0.010223    0.000008
 **     -0.105438    0.084462    0.193294   -0.000001
 **      0.191216   -0.283734    0.179451   -0.000001
 **     -0.135763    0.115440    0.223626    0.000002
 **     -0.071053    0.060796    0.103124   -0.000003
 **     -0.072064    0.108475   -0.078814   -0.000003
 **      0.000459    0.000015    0.000096   -0.000005
 **     -0.006934   -0.010070    0.003314   -0.000028
 **     -0.075462    0.045347   -0.042502    0.000001
 **      0.006544   -0.005603    0.004061    0.000009
 **      0.023640   -0.025279    0.018914    0.000002
 **     -0.079933   -0.033730    0.002801    0.000162
 **     -0.026381    0.004902    0.102861    0.000043
 **     -0.048057   -0.025651   -0.001091   -0.000490
 **      0.009948    0.020041   -0.050356    0.000134
 **      0.164179    0.007692    0.111729   -0.000011
 **     -0.119828    0.299596   -0.191020   -0.000001
 **      0.205463   -0.012765    0.146711    0.000013
 **      0.100776   -0.012337    0.074255   -0.000008
 **      0.040663   -0.121128    0.072421   -0.000004
 **     -0.000544    0.001727   -0.000968    0.000028
 **      0.029130    0.043385   -0.016147    0.000211
 **      0.004570    0.017391    0.150736   -0.000004
 **      0.010429    0.002730   -0.002528    0.000009
 **      0.010980    0.001862   -0.063177   -0.000008
 **     -0.239904   -0.009823   -0.036031   -0.000565
 **     -0.031276   -0.088585   -0.416525   -0.000372
 **     -0.033025    0.092776   -0.034342    0.001334
 **     -0.155393   -0.096869    0.203739   -0.000993
 **     -0.193550    0.002432   -0.018686    0.000027
 **     -0.017994   -0.034649   -0.177718    0.000001
 **     -0.235017    0.004357   -0.013545   -0.000028
 **     -0.121491    0.005691   -0.004630    0.000012
 **      0.014748    0.014051    0.072640    0.000007
 **     -0.001321   -0.000729    0.000083    0.000002
 **     -0.021440   -0.001079   -0.001817    0.000009
 **      0.060119    0.063745   -0.034455    0.000011
 **      0.000961    0.000297   -0.000017   -0.000045
 **     -0.020817   -0.028825    0.015173    0.000035
 **      0.105028    0.066522   -0.014262    0.000072
 **      0.017171   -0.030137    0.116490   -0.000556
 **      0.088618    0.065059   -0.015698    0.000852
 **     -0.097575   -0.022271   -0.050094   -0.001453
 **      0.156833    0.082280   -0.115366    0.000005
 **      0.105023    0.346560   -0.101308   -0.000026
 **      0.178272    0.072831   -0.131948    0.000014
 **      0.086762    0.029739   -0.061135   -0.000043
 **     -0.051460   -0.144980    0.046660   -0.000062
 **      0.000075   -0.000484    0.000257   -0.000007
 **      0.000366   -0.006270    0.004523   -0.000047
 **      0.002553    0.039046   -0.052588   -0.000003
 **     -0.005077   -0.004026    0.002259    0.000002
 **     -0.006097   -0.014800    0.018870   -0.000008
 **      0.063847    0.049839   -0.013164    0.000378
 **     -0.065630   -0.010978   -0.016600    0.000271
 **      0.047103    0.041927   -0.012865    0.000521
 **      0.045626   -0.019774    0.028949    0.000653
 **     -0.085717   -0.075600   -0.169234   -0.000019
 **     -0.214041   -0.310009    0.170042    0.000007
 **     -0.087708   -0.076483   -0.212787    0.000009
 **     -0.039615   -0.029947   -0.105265    0.000016
 **      0.090796    0.127985   -0.060879    0.000016
 **      0.000858    0.000269   -0.000013   -0.000000
 **      0.021703    0.004288    0.001152    0.000000
 **      0.015531   -0.113694   -0.060983   -0.000001
 **      0.009833    0.004041    0.003033    0.000011
 **     -0.005058    0.044454    0.025963   -0.000003
 **     -0.051850   -0.019587    0.006434    0.000396
 **     -0.010799    0.046735    0.052293    0.000141
 **     -0.104871   -0.032462   -0.002877   -0.000019
 **      0.012785   -0.016535   -0.022389    0.000349
 **      0.203062    0.017247    0.047926    0.000001
 **     -0.097776    0.356014    0.349641    0.000000
 **      0.255503   -0.004079    0.038313    0.000001
 **      0.120844   -0.010039    0.011186   -0.000003
 **      0.031786   -0.143980   -0.141184    0.000001
 **      0.006891    0.001052    0.002051   -0.000006
 **      0.015253    0.000808    0.003291   -0.000018
 **      0.058271    0.009880   -0.144471   -0.000001
 **     -0.000559    0.000605    0.003344    0.000007
 **     -0.024258   -0.004685    0.058056   -0.000002
 **      0.012741    0.007894   -0.001237    0.000021
 **      0.016185    0.012001   -0.001674    0.000131
 **     -0.159024    0.104661   -0.100820   -0.000002
 **      0.003351   -0.000412    0.001716    0.000001
 **      0.063315   -0.041512    0.040463   -0.000004
 **     -0.002763   -0.011825    0.005820   -0.000072
 **      0.022491    0.010833    0.000027    0.001287
 **      0.143381    0.126451   -0.066162   -0.000014
 **     -0.002395   -0.001515    0.001616   -0.000027
 **     -0.057396   -0.051785    0.026842   -0.000037
 **     -0.001220    0.008330   -0.005584   -0.000040
 **      0.000485    0.014103   -0.008530   -0.000152
 **     -0.012883    0.060739   -0.137105   -0.000005
 **      0.000734   -0.001978    0.003704   -0.000022
 **      0.005991   -0.023781    0.055019   -0.000011
 **     -0.000024    0.000269   -0.000097    0.000001
 **     -0.030793    0.010291   -0.004530   -0.000001
 **      0.054870    0.041633   -0.086503   -0.000020
 **      0.013221   -0.001164    0.005985   -0.000024
 **     -0.015867   -0.020458    0.039708   -0.000046
 **      0.101505   -0.054065    0.008935   -0.000196
 **     -0.062774   -0.031049    0.354551    0.000257
 **     -0.090511    0.096530   -0.082773    0.001022
 **      0.030946    0.083029   -0.186719    0.000558
 **     -0.183881    0.009459   -0.013863   -0.000028
 **      0.068417    0.073828    0.133401    0.000010
 **     -0.229298   -0.004428   -0.024615    0.000023
 **     -0.106379    0.004803   -0.016163    0.000006
 **     -0.022693   -0.032696   -0.053954    0.000020
 **      0.000459    0.000366   -0.000052   -0.000010
 **     -0.040124   -0.009689   -0.009519   -0.000117
 **      0.013861   -0.041612   -0.034410    0.000005
 **      0.007213    0.008309   -0.000915    0.000017
 **     -0.011532    0.022723    0.010483    0.000011
 **      0.096724   -0.058995    0.075772   -0.000462
 **      0.026013    0.050684   -0.146260    0.000210
 **     -0.034097    0.016816   -0.024297    0.000435
 **     -0.006591   -0.009952    0.049962    0.000479
 **     -0.064080   -0.022494   -0.063200    0.000005
 **      0.085525   -0.025074   -0.087878   -0.000010
 **     -0.099636   -0.033671   -0.069271    0.000027
 **     -0.046141   -0.016577   -0.030716   -0.000063
 **     -0.027287    0.017727    0.038474   -0.000020
 **      0.000443    0.000342   -0.000106   -0.996493
 **      0.000558   -0.000006    0.000201   -0.012718
 **      0.001348   -0.001754    0.005040    0.000017
 **      0.000649    0.000706   -0.000407    0.000029
 **     -0.000451    0.001310   -0.002532    0.000038
 **      0.013873    0.009285   -0.002217    0.004555
 **     -0.006997    0.006987   -0.023181   -0.000072
 **     -0.003338   -0.003644    0.001889   -0.000130
 **      0.000956   -0.005997    0.011472   -0.000159
 **     -0.025708   -0.013689    0.001704   -0.002798
 **      0.015938   -0.009404    0.043036    0.000217
 **      0.008499    0.008537   -0.003099    0.000321
 **      0.010231    0.011476   -0.018656    0.000486
 **     -0.002225    0.004041   -0.025966    0.000043
 **     -0.001194   -0.003073    0.011215   -0.000006
 **     -0.016918   -0.000419   -0.030302   -0.000047
 **      0.002362   -0.001178   -0.012012    0.000016
 **     -0.002951   -0.002927   -0.003273   -0.000007
 **     -0.019757   -0.004340   -0.000897   -0.000018
 **     -0.033380   -0.007621   -0.002481   -0.000022
 **      0.029594   -0.198388   -0.143421   -0.000004
 **      0.000029    0.004940    0.003476    0.000001
 **     -0.012026    0.079862    0.057277   -0.000009
***** Select 101 *****
Trace of 97/155 orbital
Trace of 98/155 orbital
Trace of 99/155 orbital
Trace of 100/155 orbital
Trace of 101/155 orbital
Trace of 102/155 orbital
Trace of 103/155 orbital
Trace of 104/155 orbital
Trace of 105/155 orbital
Trace of 106/155 orbital
Trace of 107/155 orbital
Trace of 108/155 orbital
Trace of 109/155 orbital
Trace of 110/155 orbital
Trace of 111/155 orbital
Trace of 112/155 orbital
Trace of 113/155 orbital
Trace of 114/155 orbital
Trace of 115/155 orbital
Trace of 116/155 orbital
Trace of 117/155 orbital
Trace of 118/155 orbital
Trace of 119/155 orbital
Trace of 120/155 orbital
Trace of 121/155 orbital
Trace of 122/155 orbital
Trace of 123/155 orbital
Trace of 124/155 orbital
Trace of 125/155 orbital
Trace of 126/155 orbital
Trace of 127/155 orbital
Trace of 128/155 orbital
Trace of 129/155 orbital
Trace of 130/155 orbital
Trace of 131/155 orbital
Trace of 132/155 orbital
Trace of 133/155 orbital
Trace of 134/155 orbital
Trace of 135/155 orbital
Trace of 136/155 orbital
Trace of 137/155 orbital
Trace of 138/155 orbital
Trace of 139/155 orbital
Trace of 140/155 orbital
Trace of 141/155 orbital
Trace of 142/155 orbital
Trace of 143/155 orbital
Trace of 144/155 orbital
Trace of 145/155 orbital
Trace of 146/155 orbital
***    step= 73  prev= 148  n= 146 [0, 10000000000.0] [0, 10000000000.0] [0, 10000000000.0] 3.11148
 ==> Selected Orbitals  3.11148 [] []
 ** PE   3.120060    3.119440    3.118020
 ** E  (  3.115560 ->   3.111480)  -101.488400  -101.488400  -101.488400
 **      0.057269   -0.000000   -0.000000   -0.000000
 **      0.071804   -0.000002   -0.000002   -0.000002
 **     -0.001488   -0.000002   -0.000002   -0.000002
 **      0.071844   -0.000000   -0.000000   -0.000000
 **     -0.007638   -0.000005   -0.000005   -0.000005
 **     -3.519556   -0.000061   -0.000061   -0.000061
 **     -0.389987   -0.000001   -0.000001   -0.000001
 **     -1.332717    0.000021    0.000021    0.000021
 **     -0.890870   -0.000004   -0.000004   -0.000004
 **      0.216456   -0.000000   -0.000000   -0.000000
 **      0.072731   -0.000000   -0.000000   -0.000000
 **     -0.205777   -0.000000   -0.000000   -0.000000
 **      0.063071    0.000001    0.000001    0.000001
 **      0.200576   -0.000001   -0.000001   -0.000001
 **     -0.072699    0.000000    0.000000    0.000000
 **     -0.215878   -0.000000   -0.000000   -0.000000
 **     -0.022224   -0.000003   -0.000003   -0.000003
 **      0.133428   -0.000001   -0.000001   -0.000001
 **     -0.062496   -0.000007   -0.000007   -0.000007
 **      3.246739   -0.000196   -0.000196   -0.000196
 **      0.514068   -0.000024   -0.000024   -0.000024
 **     -1.614305   -0.000047   -0.000047   -0.000047
 **      1.358586   -0.000056   -0.000056   -0.000056
 **     -0.296154    0.000001    0.000001    0.000001
 **      0.074301   -0.000000   -0.000000   -0.000000
 **      0.236745   -0.000001   -0.000001   -0.000001
 **      0.033653   -0.000000   -0.000000   -0.000000
 **      0.147358   -0.000001   -0.000001   -0.000001
 **      0.065214    0.000001    0.000001    0.000001
 **     -0.036038    0.000013    0.000013    0.000013
 **     -0.072514    0.000002    0.000002    0.000002
 **      0.211670    0.000007    0.000007    0.000007
 **     -0.191152    0.000005    0.000005    0.000005
 **     -5.038853   -0.000069   -0.000069   -0.000069
 **     -0.476887   -0.000111   -0.000111   -0.000111
 **      1.564326   -0.000083   -0.000083   -0.000083
 **     -1.266447   -0.000270   -0.000270   -0.000270
 **      0.305150    0.000001    0.000001    0.000001
 **      0.130746    0.000002    0.000002    0.000002
 **     -0.407712   -0.000002   -0.000002   -0.000002
 **      0.336100    0.000003    0.000003    0.000003
 **      0.343699    0.000006    0.000006    0.000006
 **     -0.102257   -0.000014   -0.000014   -0.000014
 **     -0.046164   -0.000088   -0.000088   -0.000088
 **     -0.095485   -0.000001   -0.000001   -0.000001
 **      0.207240   -0.000006   -0.000006   -0.000006
 **     -0.248166   -0.000003   -0.000003   -0.000003
 **      5.304625    0.000655    0.000655    0.000655
 **     -0.834751    0.000082    0.000082    0.000082
 **     -0.508725    0.000275    0.000275    0.000275
 **     -2.031811    0.000187    0.000187    0.000187
 **     -0.398074   -0.000025   -0.000025   -0.000025
 **      0.042718    0.000012    0.000012    0.000012
 **      0.551085    0.000029    0.000029    0.000029
 **     -0.438439   -0.000015   -0.000015   -0.000015
 **      0.077116    0.000027    0.000027    0.000027
 **      0.024377   -0.000000   -0.000000   -0.000000
 **      0.423146    0.000000    0.000000    0.000000
 **      0.098520   -0.000001   -0.000001   -0.000001
 **     -0.010266    0.000010    0.000010    0.000010
 **      0.243701   -0.000003   -0.000003   -0.000003
 **     -3.286155    0.000078    0.000078    0.000078
 **      0.701302   -0.000014   -0.000014   -0.000014
 **     -0.703721   -0.000095   -0.000095   -0.000095
 **      1.770101   -0.000028   -0.000028   -0.000028
 **      0.066868   -0.000002   -0.000002   -0.000002
 **     -0.131881   -0.000001   -0.000001   -0.000001
 **     -0.011361    0.000002    0.000002    0.000002
 **     -0.113076   -0.000002   -0.000002   -0.000002
 **     -0.313302   -0.000002   -0.000002   -0.000002
 **     -0.065351   -0.000001   -0.000001   -0.000001
 **     -0.124918   -0.000006   -0.000006   -0.000006
 **     -0.007786    0.000001    0.000001    0.000001
 **      0.019829   -0.000005   -0.000005   -0.000005
 **     -0.020319    0.000002    0.000002    0.000002
 **      3.265448   -0.000028   -0.000028   -0.000028
 **      0.173880   -0.000027   -0.000027   -0.000027
 **      1.975980    0.000059    0.000059    0.000059
 **      0.321356   -0.000071   -0.000071   -0.000071
 **     -0.220771   -0.000002   -0.000002   -0.000002
 **     -0.020187    0.000000    0.000000    0.000000
 **      0.241081   -0.000000   -0.000000   -0.000000
 **     -0.119492    0.000003    0.000003    0.000003
 **     -0.069208    0.000001    0.000001    0.000001
 **      0.062971    0.000004    0.000004    0.000004
 **     -0.127001    0.000007    0.000007    0.000007
 **      0.047101    0.000000    0.000000    0.000000
 **      0.250100   -0.000001   -0.000001   -0.000001
 **      0.102395    0.000001    0.000001    0.000001
 **     -0.027485    0.000005    0.000005    0.000005
 **      0.363408    0.000011    0.000011    0.000011
 **     -0.076468    0.000001    0.000001    0.000001
 **      0.216373    0.000001    0.000001    0.000001
 **     -0.200299    0.000002    0.000002    0.000002
 **     -0.144343    0.000333    0.000333    0.000333
 **      0.058427   -0.001474   -0.001474   -0.001474
 **      0.234305    0.000126    0.000126    0.000126
 **      0.428514    0.000175    0.000175    0.000175
 **      0.552288    0.000299    0.000299    0.000299
 **     -0.274427    0.000005    0.000005    0.000005
 **     -0.532988   -0.000043   -0.000043   -0.000043
 **      0.124469    0.000003    0.000003    0.000003
 **     -0.165315    0.000005    0.000005    0.000005
 **      0.315710    0.000008    0.000008    0.000008
 **      0.004235   -0.000001   -0.000001   -0.000001
 **     -0.021231   -0.000020   -0.000020   -0.000020
 **     -0.019081    0.000000    0.000000    0.000000
 **     -0.039507    0.000007    0.000007    0.000007
 **     -0.041080   -0.000000   -0.000000   -0.000000
 **     -0.340715    0.000108    0.000108    0.000108
 **     -0.039658    0.000027    0.000027    0.000027
 **     -0.083236   -0.000019   -0.000019   -0.000019
 **     -0.085106    0.000066    0.000066    0.000066
 **      0.030319   -0.000002   -0.000002   -0.000002
 **     -0.042482    0.000001    0.000001    0.000001
 **     -0.033899    0.000008    0.000008    0.000008
 **      0.004343   -0.000011   -0.000011   -0.000011
 **     -0.095734    0.000002    0.000002    0.000002
 **     -0.001426    0.000001    0.000001    0.000001
 **      0.036495    0.000028    0.000028    0.000028
 **     -0.024625    0.000008    0.000008    0.000008
 **     -0.056614   -0.000006   -0.000006   -0.000006
 **     -0.052217    0.000021    0.000021    0.000021
 **      0.286496   -0.000108   -0.000108   -0.000108
 **     -0.038278   -0.000016   -0.000016   -0.000016
 **     -0.109666    0.000072    0.000072    0.000072
 **     -0.078659   -0.000045   -0.000045   -0.000045
 **     -0.026925    0.000005    0.000005    0.000005
 **      0.028250    0.000000    0.000000    0.000000
 **      0.019372    0.000003    0.000003    0.000003
 **      0.017187   -0.000015   -0.000015   -0.000015
 **      0.058049    0.000002    0.000002    0.000002
 **     -0.004218    0.996493    0.996493    0.996493
 **      0.018306    0.012746    0.012746    0.012746
 **     -0.010560   -0.000032   -0.000032   -0.000032
 **     -0.018260   -0.000043   -0.000043   -0.000043
 **     -0.024631   -0.000075   -0.000075   -0.000075
 **     -0.044476   -0.004434   -0.004434   -0.004434
 **      0.030353    0.000083    0.000083    0.000083
 **      0.059942    0.000112    0.000112    0.000112
 **      0.070213    0.000196    0.000196    0.000196
 **      0.011198    0.002956    0.002956    0.002956
 **      0.000436   -0.000244   -0.000244   -0.000244
 **     -0.039245   -0.000337   -0.000337   -0.000337
 **      0.003935   -0.000577   -0.000577   -0.000577
 **      0.046162    0.000019    0.000019    0.000019
 **     -0.039919   -0.000017   -0.000017   -0.000017
 **     -0.072498   -0.000028   -0.000028   -0.000028
 **      0.060998    0.000022    0.000022    0.000022
 **     -0.094592   -0.000040   -0.000040   -0.000040
 **      0.034794    0.000006    0.000006    0.000006
 **      0.385027    0.000031    0.000031    0.000031
 **     -0.033570    0.000001    0.000001    0.000001
 **     -0.135679    0.000000    0.000000    0.000000
 **     -0.075372    0.000003    0.000003    0.000003
***** Select 0 *****
Trace of 147/155 orbital
***    step= 73  prev= 148  n= 147 [0, 10000000000.0] [0, 10000000000.0] [0, 10000000000.0] 3.11148
 ==> Selected Orbitals  3.11148 [] []
 ** PE   3.120060    3.119440    3.118020
 ** E  (  3.115560 ->   3.111480)  -101.488400  -101.488400  -101.488400
 **      0.057269   -0.000000   -0.000000   -0.000000
 **      0.071804   -0.000002   -0.000002   -0.000002
 **     -0.001488   -0.000002   -0.000002   -0.000002
 **      0.071844   -0.000000   -0.000000   -0.000000
 **     -0.007638   -0.000005   -0.000005   -0.000005
 **     -3.519556   -0.000061   -0.000061   -0.000061
 **     -0.389987   -0.000001   -0.000001   -0.000001
 **     -1.332717    0.000021    0.000021    0.000021
 **     -0.890870   -0.000004   -0.000004   -0.000004
 **      0.216456   -0.000000   -0.000000   -0.000000
 **      0.072731   -0.000000   -0.000000   -0.000000
 **     -0.205777   -0.000000   -0.000000   -0.000000
 **      0.063071    0.000001    0.000001    0.000001
 **      0.200576   -0.000001   -0.000001   -0.000001
 **     -0.072699    0.000000    0.000000    0.000000
 **     -0.215878   -0.000000   -0.000000   -0.000000
 **     -0.022224   -0.000003   -0.000003   -0.000003
 **      0.133428   -0.000001   -0.000001   -0.000001
 **     -0.062496   -0.000007   -0.000007   -0.000007
 **      3.246739   -0.000196   -0.000196   -0.000196
 **      0.514068   -0.000024   -0.000024   -0.000024
 **     -1.614305   -0.000047   -0.000047   -0.000047
 **      1.358586   -0.000056   -0.000056   -0.000056
 **     -0.296154    0.000001    0.000001    0.000001
 **      0.074301   -0.000000   -0.000000   -0.000000
 **      0.236745   -0.000001   -0.000001   -0.000001
 **      0.033653   -0.000000   -0.000000   -0.000000
 **      0.147358   -0.000001   -0.000001   -0.000001
 **      0.065214    0.000001    0.000001    0.000001
 **     -0.036038    0.000013    0.000013    0.000013
 **     -0.072514    0.000002    0.000002    0.000002
 **      0.211670    0.000007    0.000007    0.000007
 **     -0.191152    0.000005    0.000005    0.000005
 **     -5.038853   -0.000069   -0.000069   -0.000069
 **     -0.476887   -0.000111   -0.000111   -0.000111
 **      1.564326   -0.000083   -0.000083   -0.000083
 **     -1.266447   -0.000270   -0.000270   -0.000270
 **      0.305150    0.000001    0.000001    0.000001
 **      0.130746    0.000002    0.000002    0.000002
 **     -0.407712   -0.000002   -0.000002   -0.000002
 **      0.336100    0.000003    0.000003    0.000003
 **      0.343699    0.000006    0.000006    0.000006
 **     -0.102257   -0.000014   -0.000014   -0.000014
 **     -0.046164   -0.000088   -0.000088   -0.000088
 **     -0.095485   -0.000001   -0.000001   -0.000001
 **      0.207240   -0.000006   -0.000006   -0.000006
 **     -0.248166   -0.000003   -0.000003   -0.000003
 **      5.304625    0.000655    0.000655    0.000655
 **     -0.834751    0.000082    0.000082    0.000082
 **     -0.508725    0.000275    0.000275    0.000275
 **     -2.031811    0.000187    0.000187    0.000187
 **     -0.398074   -0.000025   -0.000025   -0.000025
 **      0.042718    0.000012    0.000012    0.000012
 **      0.551085    0.000029    0.000029    0.000029
 **     -0.438439   -0.000015   -0.000015   -0.000015
 **      0.077116    0.000027    0.000027    0.000027
 **      0.024377   -0.000000   -0.000000   -0.000000
 **      0.423146    0.000000    0.000000    0.000000
 **      0.098520   -0.000001   -0.000001   -0.000001
 **     -0.010266    0.000010    0.000010    0.000010
 **      0.243701   -0.000003   -0.000003   -0.000003
 **     -3.286155    0.000078    0.000078    0.000078
 **      0.701302   -0.000014   -0.000014   -0.000014
 **     -0.703721   -0.000095   -0.000095   -0.000095
 **      1.770101   -0.000028   -0.000028   -0.000028
 **      0.066868   -0.000002   -0.000002   -0.000002
 **     -0.131881   -0.000001   -0.000001   -0.000001
 **     -0.011361    0.000002    0.000002    0.000002
 **     -0.113076   -0.000002   -0.000002   -0.000002
 **     -0.313302   -0.000002   -0.000002   -0.000002
 **     -0.065351   -0.000001   -0.000001   -0.000001
 **     -0.124918   -0.000006   -0.000006   -0.000006
 **     -0.007786    0.000001    0.000001    0.000001
 **      0.019829   -0.000005   -0.000005   -0.000005
 **     -0.020319    0.000002    0.000002    0.000002
 **      3.265448   -0.000028   -0.000028   -0.000028
 **      0.173880   -0.000027   -0.000027   -0.000027
 **      1.975980    0.000059    0.000059    0.000059
 **      0.321356   -0.000071   -0.000071   -0.000071
 **     -0.220771   -0.000002   -0.000002   -0.000002
 **     -0.020187    0.000000    0.000000    0.000000
 **      0.241081   -0.000000   -0.000000   -0.000000
 **     -0.119492    0.000003    0.000003    0.000003
 **     -0.069208    0.000001    0.000001    0.000001
 **      0.062971    0.000004    0.000004    0.000004
 **     -0.127001    0.000007    0.000007    0.000007
 **      0.047101    0.000000    0.000000    0.000000
 **      0.250100   -0.000001   -0.000001   -0.000001
 **      0.102395    0.000001    0.000001    0.000001
 **     -0.027485    0.000005    0.000005    0.000005
 **      0.363408    0.000011    0.000011    0.000011
 **     -0.076468    0.000001    0.000001    0.000001
 **      0.216373    0.000001    0.000001    0.000001
 **     -0.200299    0.000002    0.000002    0.000002
 **     -0.144343    0.000333    0.000333    0.000333
 **      0.058427   -0.001474   -0.001474   -0.001474
 **      0.234305    0.000126    0.000126    0.000126
 **      0.428514    0.000175    0.000175    0.000175
 **      0.552288    0.000299    0.000299    0.000299
 **     -0.274427    0.000005    0.000005    0.000005
 **     -0.532988   -0.000043   -0.000043   -0.000043
 **      0.124469    0.000003    0.000003    0.000003
 **     -0.165315    0.000005    0.000005    0.000005
 **      0.315710    0.000008    0.000008    0.000008
 **      0.004235   -0.000001   -0.000001   -0.000001
 **     -0.021231   -0.000020   -0.000020   -0.000020
 **     -0.019081    0.000000    0.000000    0.000000
 **     -0.039507    0.000007    0.000007    0.000007
 **     -0.041080   -0.000000   -0.000000   -0.000000
 **     -0.340715    0.000108    0.000108    0.000108
 **     -0.039658    0.000027    0.000027    0.000027
 **     -0.083236   -0.000019   -0.000019   -0.000019
 **     -0.085106    0.000066    0.000066    0.000066
 **      0.030319   -0.000002   -0.000002   -0.000002
 **     -0.042482    0.000001    0.000001    0.000001
 **     -0.033899    0.000008    0.000008    0.000008
 **      0.004343   -0.000011   -0.000011   -0.000011
 **     -0.095734    0.000002    0.000002    0.000002
 **     -0.001426    0.000001    0.000001    0.000001
 **      0.036495    0.000028    0.000028    0.000028
 **     -0.024625    0.000008    0.000008    0.000008
 **     -0.056614   -0.000006   -0.000006   -0.000006
 **     -0.052217    0.000021    0.000021    0.000021
 **      0.286496   -0.000108   -0.000108   -0.000108
 **     -0.038278   -0.000016   -0.000016   -0.000016
 **     -0.109666    0.000072    0.000072    0.000072
 **     -0.078659   -0.000045   -0.000045   -0.000045
 **     -0.026925    0.000005    0.000005    0.000005
 **      0.028250    0.000000    0.000000    0.000000
 **      0.019372    0.000003    0.000003    0.000003
 **      0.017187   -0.000015   -0.000015   -0.000015
 **      0.058049    0.000002    0.000002    0.000002
 **     -0.004218    0.996493    0.996493    0.996493
 **      0.018306    0.012746    0.012746    0.012746
 **     -0.010560   -0.000032   -0.000032   -0.000032
 **     -0.018260   -0.000043   -0.000043   -0.000043
 **     -0.024631   -0.000075   -0.000075   -0.000075
 **     -0.044476   -0.004434   -0.004434   -0.004434
 **      0.030353    0.000083    0.000083    0.000083
 **      0.059942    0.000112    0.000112    0.000112
 **      0.070213    0.000196    0.000196    0.000196
 **      0.011198    0.002956    0.002956    0.002956
 **      0.000436   -0.000244   -0.000244   -0.000244
 **     -0.039245   -0.000337   -0.000337   -0.000337
 **      0.003935   -0.000577   -0.000577   -0.000577
 **      0.046162    0.000019    0.000019    0.000019
 **     -0.039919   -0.000017   -0.000017   -0.000017
 **     -0.072498   -0.000028   -0.000028   -0.000028
 **      0.060998    0.000022    0.000022    0.000022
 **     -0.094592   -0.000040   -0.000040   -0.000040
 **      0.034794    0.000006    0.000006    0.000006
 **      0.385027    0.000031    0.000031    0.000031
 **     -0.033570    0.000001    0.000001    0.000001
 **     -0.135679    0.000000    0.000000    0.000000
 **     -0.075372    0.000003    0.000003    0.000003
***** Select 0 *****
Trace of 148/155 orbital
Trace of 149/155 orbital
Trace of 150/155 orbital
Trace of 151/155 orbital
Trace of 152/155 orbital
Trace of 153/155 orbital
Trace of 154/155 orbital
nStep = 800 
nOrb = 155

 min E[25] = -801.285128 on d=1.400626
